"D:/Projekty/Unreal Engine/SuperPjotrekBros/SuperPjotrekBros.uproject" 1
"../../../Engine/Plugins/2D/Paper2D/Paper2D.uplugin" 2
"../../../Engine/Plugins/Blendables/LightPropagationVolume/LightPropagationVolume.uplugin" 3
"../../../Engine/Plugins/Developer/BlankPlugin/BlankPlugin.uplugin" 4
"../../../Engine/Plugins/Developer/CodeLiteSourceCodeAccess/CodeLiteSourceCodeAccess.uplugin" 5
"../../../Engine/Plugins/Developer/GitSourceControl/GitSourceControl.uplugin" 6
"../../../Engine/Plugins/Developer/KDevelopSourceCodeAccess/KDevelopSourceCodeAccess.uplugin" 7
"../../../Engine/Plugins/Developer/NullSourceCodeAccess/NullSourceCodeAccess.uplugin" 8
"../../../Engine/Plugins/Developer/OneSkyLocalizationService/OneSkyLocalizationService.uplugin" 9
"../../../Engine/Plugins/Developer/PerforceSourceControl/PerforceSourceControl.uplugin" 10
"../../../Engine/Plugins/Developer/SubversionSourceControl/SubversionSourceControl.uplugin" 11
"../../../Engine/Plugins/Developer/UObjectPlugin/UObjectPlugin.uplugin" 12
"../../../Engine/Plugins/Developer/VisualStudioSourceCodeAccess/VisualStudioSourceCodeAccess.uplugin" 13
"../../../Engine/Plugins/Developer/XCodeSourceCodeAccess/XCodeSourceCodeAccess.uplugin" 14
"../../../Engine/Plugins/Editor/EpicSurvey/EpicSurvey.uplugin" 15
"../../../Engine/Plugins/Editor/MacGraphicsSwitching/MacGraphicsSwitching.uplugin" 16
"../../../Engine/Plugins/Editor/PluginBrowser/PluginBrowser.uplugin" 17
"../../../Engine/Plugins/Editor/SpeedTreeImporter/SpeedTreeImporter.uplugin" 18
"../../../Engine/Plugins/Experimental/BlueprintStats/BlueprintStats.uplugin" 19
"../../../Engine/Plugins/Experimental/CharacterAI/CharacterAI.uplugin" 20
"../../../Engine/Plugins/Experimental/CodeEditor/CodeEditor.uplugin" 21
"../../../Engine/Plugins/Experimental/CodeView/CodeView.uplugin" 22
"../../../Engine/Plugins/Experimental/HTML5Networking/HTML5Networking.uplugin" 23
"../../../Engine/Plugins/Experimental/LiveEditor/LiveEditor.uplugin" 24
"../../../Engine/Plugins/Experimental/Phya/Phya.uplugin" 25
"../../../Engine/Plugins/Experimental/SimpleHMD/SimpleHMD.uplugin" 26
"../../../Engine/Plugins/Experimental/StructBox/StructBox.uplugin" 27
"../../../Engine/Plugins/Media/AndroidMedia/AndroidMedia.uplugin" 28
"../../../Engine/Plugins/Media/AvfMedia/AvfMedia.uplugin" 29
"../../../Engine/Plugins/Media/MediaPlayerEditor/MediaPlayerEditor.uplugin" 30
"../../../Engine/Plugins/Media/WmfMedia/WmfMedia.uplugin" 31
"../../../Engine/Plugins/Messaging/MessagingDebugger/MessagingDebugger.uplugin" 32
"../../../Engine/Plugins/Messaging/UdpMessaging/UdpMessaging.uplugin" 33
"../../../Engine/Plugins/MovieScene/LevelSequenceEditor/LevelSequenceEditor.uplugin" 34
"../../../Engine/Plugins/NetcodeUnitTest/NetcodeUnitTest/NetcodeUnitTest.uplugin" 35
"../../../Engine/Plugins/NetcodeUnitTest/NUTUnrealEngine4/NUTUnrealEngine4.uplugin" 36
"../../../Engine/Plugins/Runtime/Advertising/IOSTapJoy/IOSTapJoy.uplugin" 37
"../../../Engine/Plugins/Runtime/Analytics/AnalyticsBlueprintLibrary/AnalyticsBlueprintLibrary.uplugin" 38
"../../../Engine/Plugins/Runtime/Analytics/AnalyticsMulticast/AnalyticsMulticast.uplugin" 39
"../../../Engine/Plugins/Runtime/Analytics/Apsalar/IOSApsalar/IOSApsalar.uplugin" 40
"../../../Engine/Plugins/Runtime/Analytics/FileLogging/FileLogging.uplugin" 41
"../../../Engine/Plugins/Runtime/Analytics/Flurry/IOSFlurry/IOSFlurry.uplugin" 42
"../../../Engine/Plugins/Runtime/AndroidDeviceProfileSelector/AndroidDeviceProfileSelector.uplugin" 43
"../../../Engine/Plugins/Runtime/AndroidMoviePlayer/AndroidMoviePlayer.uplugin" 44
"../../../Engine/Plugins/Runtime/AppleMoviePlayer/AppleMoviePlayer.uplugin" 45
"../../../Engine/Plugins/Runtime/ArchVisCharacter/ArchVisCharacter.uplugin" 46
"../../../Engine/Plugins/Runtime/CableComponent/CableComponent.uplugin" 47
"../../../Engine/Plugins/Runtime/CustomMeshComponent/CustomMeshComponent.uplugin" 48
"../../../Engine/Plugins/Runtime/ExampleDeviceProfileSelector/ExampleDeviceProfileSelector.uplugin" 49
"../../../Engine/Plugins/Runtime/GearVR/GearVR.uplugin" 50
"../../../Engine/Plugins/Runtime/IOSDeviceProfileSelector/IOSDeviceProfileSelector.uplugin" 51
"../../../Engine/Plugins/Runtime/LeapMotionController/LeapMotionController.uplugin" 52
"../../../Engine/Plugins/Runtime/LinuxDeviceProfileSelector/LinuxDeviceProfileSelector.uplugin" 53
"../../../Engine/Plugins/Runtime/LiveEditorListenServer/LiveEditorListenServer.uplugin" 54
"../../../Engine/Plugins/Runtime/OculusAudio/OculusAudio.uplugin" 55
"../../../Engine/Plugins/Runtime/OculusInput/OculusInput.uplugin" 56
"../../../Engine/Plugins/Runtime/OculusLibrary/OculusLibrary.uplugin" 57
"../../../Engine/Plugins/Runtime/OculusRift/OculusRift.uplugin" 58
"../../../Engine/Plugins/Runtime/ProceduralMeshComponent/ProceduralMeshComponent.uplugin" 59
"../../../Engine/Plugins/Runtime/SoundMod/SoundMod.uplugin" 60
"../../../Engine/Plugins/Runtime/SoundVisualizations/SoundVisualizations.uplugin" 61
"../../../Engine/Plugins/Runtime/Steam/SteamController/SteamController.uplugin" 62
"../../../Engine/Plugins/Runtime/Steam/SteamVR/SteamVR.uplugin" 63
"../../../Engine/Plugins/Runtime/WebBrowserWidget/WebBrowserWidget.uplugin" 64
"../../../Engine/Plugins/Runtime/WindowsDeviceProfileSelector/WindowsDeviceProfileSelector.uplugin" 65
"../../../Engine/Plugins/Runtime/WindowsMoviePlayer/WindowsMoviePlayer.uplugin" 66
"../../../Engine/Plugins/ScriptGeneratorPlugin/ScriptGeneratorPlugin.uplugin" 67
"../../../Engine/Plugins/ScriptPlugin/ScriptPlugin.uplugin" 68
"../../../Engine/Plugins/Slate/SlateRemote/SlateRemote.uplugin" 69
"..\..\..\Engine\Content\Internationalization\icudt53l\cnvalias.icu" 70
"..\..\..\Engine\Content\Internationalization\icudt53l\en_US_POSIX.res" 71
"..\..\..\Engine\Content\Internationalization\icudt53l\pool.res" 72
"..\..\..\Engine\Content\Internationalization\icudt53l\en_US.res" 73
"..\..\..\Engine\Content\Internationalization\icudt53l\en.res" 74
"..\..\..\Engine\Content\Internationalization\icudt53l\root.res" 75
"..\..\..\Engine\Content\Internationalization\icudt53l\pl_PL.res" 76
"..\..\..\Engine\Content\Internationalization\icudt53l\pl.res" 77
"C:/Users/Spidior/AppData/Local/UnrealEngine/4.10/Saved/Config/Windows/Manifest.ini" 78
"../../../Engine/Config/Base.ini" 79
"../../../Engine/Config/BaseEngine.ini" 80
"D:/Projekty/Unreal Engine/SuperPjotrekBros/Config/DefaultEngine.ini" 81
"../../../Engine/Config/Windows/WindowsEngine.ini" 82
"D:/Projekty/Unreal Engine/SuperPjotrekBros/Saved/Config/Windows/Engine.ini" 83
"../../../../../../Projekty/Unreal Engine/SuperPjotrekBros/Intermediate/Config/CoalescedSourceConfigs/Engine.ini" 84
"../../../Engine/Config/BaseGame.ini" 85
"D:/Projekty/Unreal Engine/SuperPjotrekBros/Config/DefaultGame.ini" 86
"D:/Projekty/Unreal Engine/SuperPjotrekBros/Saved/Config/Windows/Game.ini" 87
"../../../../../../Projekty/Unreal Engine/SuperPjotrekBros/Intermediate/Config/CoalescedSourceConfigs/Game.ini" 88
"../../../Engine/Config/BaseInput.ini" 89
"D:/Projekty/Unreal Engine/SuperPjotrekBros/Config/DefaultInput.ini" 90
"D:/Projekty/Unreal Engine/SuperPjotrekBros/Saved/Config/Windows/Input.ini" 91
"../../../../../../Projekty/Unreal Engine/SuperPjotrekBros/Intermediate/Config/CoalescedSourceConfigs/Input.ini" 92
"../../../Engine/Config/BaseEditor.ini" 93
"D:/Projekty/Unreal Engine/SuperPjotrekBros/Config/DefaultEditor.ini" 94
"D:/Projekty/Unreal Engine/SuperPjotrekBros/Saved/Config/Windows/Editor.ini" 95
"../../../../../../Projekty/Unreal Engine/SuperPjotrekBros/Intermediate/Config/CoalescedSourceConfigs/Editor.ini" 96
"../../../Engine/Config/BaseEditorPerProjectUserSettings.ini" 97
"D:/Projekty/Unreal Engine/SuperPjotrekBros/Config/DefaultEditorPerProjectUserSettings.ini" 98
"D:/Projekty/Unreal Engine/SuperPjotrekBros/Saved/Config/Windows/EditorPerProjectUserSettings.ini" 99
"../../../../../../Projekty/Unreal Engine/SuperPjotrekBros/Intermediate/Config/CoalescedSourceConfigs/EditorPerProjectUserSettings.ini" 100
"../../../Engine/Config/BaseEditorSettings.ini" 101
"C:/Users/Spidior/AppData/Local/UnrealEngine/4.10/Saved/Config/Windows/EditorSettings.ini" 102
"../../../../../../Projekty/Unreal Engine/SuperPjotrekBros/Intermediate/Config/CoalescedSourceConfigs/EditorSettings.ini" 103
"../../../Engine/Config/BaseEditorLayout.ini" 104
"C:/Users/Spidior/AppData/Local/UnrealEngine/4.10/Saved/Config/Windows/EditorLayout.ini" 105
"../../../../../../Projekty/Unreal Engine/SuperPjotrekBros/Intermediate/Config/CoalescedSourceConfigs/EditorLayout.ini" 106
"../../../Engine/Config/BaseEditorKeyBindings.ini" 107
"C:/Users/Spidior/AppData/Local/UnrealEngine/4.10/Saved/Config/Windows/EditorKeyBindings.ini" 108
"../../../../../../Projekty/Unreal Engine/SuperPjotrekBros/Intermediate/Config/CoalescedSourceConfigs/EditorKeyBindings.ini" 109
"../../../Engine/Config/BaseCompat.ini" 110
"D:/Projekty/Unreal Engine/SuperPjotrekBros/Saved/Config/Windows/Compat.ini" 111
"../../../../../../Projekty/Unreal Engine/SuperPjotrekBros/Intermediate/Config/CoalescedSourceConfigs/Compat.ini" 112
"../../../Engine/Config/BaseLightmass.ini" 113
"D:/Projekty/Unreal Engine/SuperPjotrekBros/Saved/Config/Windows/Lightmass.ini" 114
"../../../../../../Projekty/Unreal Engine/SuperPjotrekBros/Intermediate/Config/CoalescedSourceConfigs/Lightmass.ini" 115
"../../../Engine/Config/BaseScalability.ini" 116
"D:/Projekty/Unreal Engine/SuperPjotrekBros/Saved/Config/Windows/Scalability.ini" 117
"../../../../../../Projekty/Unreal Engine/SuperPjotrekBros/Intermediate/Config/CoalescedSourceConfigs/Scalability.ini" 118
"D:/Projekty/Unreal Engine/SuperPjotrekBros/Saved/Config/Windows/GameUserSettings.ini" 119
"../../../../../../Projekty/Unreal Engine/SuperPjotrekBros/Intermediate/Config/CoalescedSourceConfigs/GameUserSettings.ini" 120
"../../../Engine/Config/BaseDeviceProfiles.ini" 121
"D:/Projekty/Unreal Engine/SuperPjotrekBros/Saved/Config/Windows/DeviceProfiles.ini" 122
"../../../../../../Projekty/Unreal Engine/SuperPjotrekBros/Intermediate/Config/CoalescedSourceConfigs/DeviceProfiles.ini" 123
"../../../Engine/Config/ConsoleVariables.ini" 124
"..\..\..\Engine\Content\Internationalization\icudt53l\es.res" 125
"..\..\..\Engine\Content\Internationalization\icudt53l\ja.res" 126
"..\..\..\Engine\Content\Internationalization\icudt53l\ko.res" 127
"..\..\..\Engine\Content\Internationalization\icudt53l\pt_BR.res" 128
"..\..\..\Engine\Content\Internationalization\icudt53l\pt.res" 129
"..\..\..\Engine\Content\Internationalization\icudt53l\zh_CN.res" 130
"..\..\..\Engine\Content\Internationalization\icudt53l\zh_Hans_CN.res" 131
"..\..\..\Engine\Content\Internationalization\icudt53l\zh_Hans.res" 132
"..\..\..\Engine\Content\Internationalization\icudt53l\zh.res" 133
"D:/Programy/Epic Games/4.10/Engine/Content/Localization/Engine/en/Engine.locres" 134
"D:/Programy/Epic Games/4.10/Engine/Content/Localization/Editor/en/Editor.locres" 135
"D:/Programy/Epic Games/4.10/Engine/Content/Localization/EditorTutorials/en/EditorTutorials.locres" 136
"D:/Programy/Epic Games/4.10/Engine/Content/Localization/Keywords/en/Keywords.locres" 137
"D:/Programy/Epic Games/4.10/Engine/Content/Localization/Category/en/Category.locres" 138
"D:/Programy/Epic Games/4.10/Engine/Content/Localization/ToolTips/en/ToolTips.locres" 139
"D:/Programy/Epic Games/4.10/Engine/Content/Localization/PropertyNames/en/PropertyNames.locres" 140
"../../../Engine/Content/Slate/Fonts/Roboto-Regular.ttf" 141
"../../../Engine/Content/Slate/Fonts/DroidSansMono.ttf" 142
"../../../Engine/Content/Slate/Fonts/Roboto-Bold.ttf" 143
"../../../Engine/Content/Slate/Fonts/Roboto-Light.ttf" 144
"D:/Programy/Epic Games/4.10/Engine/Binaries/Win64/../../../Engine/Shaders/ParticleSpriteVertexFactory.usf" 145
"D:/Programy/Epic Games/4.10/Engine/Binaries/Win64/../../../Engine/Shaders/VertexFactoryCommon.usf" 146
"D:/Programy/Epic Games/4.10/Engine/Binaries/Win64/../../../Engine/Shaders/Common.usf" 147
"D:/Programy/Epic Games/4.10/Engine/Binaries/Win64/../../../Engine/Shaders/MetalCommon.usf" 148
"D:/Programy/Epic Games/4.10/Engine/Binaries/Win64/../../../Engine/Shaders/ShaderVersion.usf" 149
"D:/Programy/Epic Games/4.10/Engine/Binaries/Win64/../../../Engine/Shaders/CommonViewUniformBuffer.usf" 150
"D:/Programy/Epic Games/4.10/Engine/Binaries/Win64/../../../Engine/Shaders/Definitions.usf" 151
"D:/Programy/Epic Games/4.10/Engine/Binaries/Win64/../../../Engine/Shaders/Random.usf" 152
"D:/Programy/Epic Games/4.10/Engine/Binaries/Win64/../../../Engine/Shaders/ParticleVertexFactoryCommon.usf" 153
"D:/Programy/Epic Games/4.10/Engine/Binaries/Win64/../../../Engine/Shaders/ParticleGPUSpriteVertexFactory.usf" 154
"D:/Programy/Epic Games/4.10/Engine/Binaries/Win64/../../../Engine/Shaders/ParticleBeamTrailVertexFactory.usf" 155
"D:/Programy/Epic Games/4.10/Engine/Binaries/Win64/../../../Engine/Shaders/LocalVertexFactory.usf" 156
"D:/Programy/Epic Games/4.10/Engine/Binaries/Win64/../../../Engine/Shaders/LocalVertexFactoryCommon.usf" 157
"D:/Programy/Epic Games/4.10/Engine/Binaries/Win64/../../../Engine/Shaders/VectorFieldVisualizationVertexFactory.usf" 158
"D:/Programy/Epic Games/4.10/Engine/Binaries/Win64/../../../Engine/Shaders/MeshParticleVertexFactory.usf" 159
"D:/Programy/Epic Games/4.10/Engine/Binaries/Win64/../../../Engine/Shaders/GpuSkinVertexFactory.usf" 160
"D:/Programy/Epic Games/4.10/Engine/Binaries/Win64/../../../Engine/Shaders/GpuSkinCacheCommon.usf" 161
"D:/Programy/Epic Games/4.10/Engine/Binaries/Win64/../../../Engine/Shaders/LandscapeVertexFactory.usf" 162
"D:/Programy/Epic Games/4.10/Engine/Binaries/Win64/../../../Engine/Shaders/SlateElementPixelShader.usf" 163
"D:/Programy/Epic Games/4.10/Engine/Binaries/Win64/../../../Engine/Shaders/GammaCorrectionCommon.usf" 164
"D:/Programy/Epic Games/4.10/Engine/Binaries/Win64/../../../Engine/Shaders/MaterialTemplate.usf" 165
"D:/Programy/Epic Games/4.10/Engine/Binaries/Win64/../../../Engine/Shaders/DepthOfFieldCommon.usf" 166
"D:/Programy/Epic Games/4.10/Engine/Binaries/Win64/../../../Engine/Shaders/GlobalDistanceFieldShared.usf" 167
"D:/Programy/Epic Games/4.10/Engine/Binaries/Win64/../../../Engine/Shaders/SpeedTreeCommon.usf" 168
"D:/Programy/Epic Games/4.10/Engine/Binaries/Win64/../../../Engine/Shaders/AtmosphereCommon.usf" 169
"D:/Programy/Epic Games/4.10/Engine/Binaries/Win64/../../../Engine/Shaders/PaniniProjection.usf" 170
"D:/Programy/Epic Games/4.10/Engine/Binaries/Win64/../../../Engine/Shaders/EyeAdaptationCommon.usf" 171
"D:/Programy/Epic Games/4.10/Engine/Binaries/Win64/../../../Engine/Shaders/PostProcessCommon.usf" 172
"D:/Programy/Epic Games/4.10/Engine/Binaries/Win64/../../../Engine/Shaders/DeferredShadingCommon.usf" 173
"D:/Programy/Epic Games/4.10/Engine/Binaries/Win64/../../../Engine/Shaders/LightAccumulator.usf" 174
"D:/Programy/Epic Games/4.10/Engine/Binaries/Win64/../../../Engine/Shaders/SlateVertexShader.usf" 175
"D:/Programy/Epic Games/4.10/Engine/Binaries/Win64/../../../Engine/Shaders/ParticleSortKeyGen.usf" 176
"D:/Programy/Epic Games/4.10/Engine/Binaries/Win64/../../../Engine/Shaders/ParticleBoundsShader.usf" 177
"D:/Programy/Epic Games/4.10/Engine/Binaries/Win64/../../../Engine/Shaders/ParticleSimVisualizeShader.usf" 178
"D:/Programy/Epic Games/4.10/Engine/Binaries/Win64/../../../Engine/Shaders/ParticleInjectionShader.usf" 179
"D:/Programy/Epic Games/4.10/Engine/Binaries/Win64/../../../Engine/Shaders/ParticleSimulationShader.usf" 180
"D:/Programy/Epic Games/4.10/Engine/Binaries/Win64/../../../Engine/Shaders/ParticleCurveInjectionShader.usf" 181
"D:/Programy/Epic Games/4.10/Engine/Binaries/Win64/../../../Engine/Shaders/VectorFieldCompositeShaders.usf" 182
"D:/Programy/Epic Games/4.10/Engine/Binaries/Win64/../../../Engine/Shaders/UpdateTextureShaders.usf" 183
"D:/Programy/Epic Games/4.10/Engine/Binaries/Win64/../../../Engine/Shaders/SimpleElementColorChannelMaskPixelShader.usf" 184
"D:/Programy/Epic Games/4.10/Engine/Binaries/Win64/../../../Engine/Shaders/SimpleElementPixelShader.usf" 185
"D:/Programy/Epic Games/4.10/Engine/Binaries/Win64/../../../Engine/Shaders/ColorUtils.usf" 186
"D:/Programy/Epic Games/4.10/Engine/Binaries/Win64/../../../Engine/Shaders/IESLightProfilesCommon.usf" 187
"D:/Programy/Epic Games/4.10/Engine/Binaries/Win64/../../../Engine/Shaders/SimpleElementHitProxyPixelShader.usf" 188
"D:/Programy/Epic Games/4.10/Engine/Binaries/Win64/../../../Engine/Shaders/SimpleElementVertexShader.usf" 189
"D:/Programy/Epic Games/4.10/Engine/Binaries/Win64/../../../Engine/Shaders/ScreenVertexShader.usf" 190
"D:/Programy/Epic Games/4.10/Engine/Binaries/Win64/../../../Engine/Shaders/ScreenPixelShader.usf" 191
"D:/Programy/Epic Games/4.10/Engine/Binaries/Win64/../../../Engine/Shaders/RadixSortShaders.usf" 192
"D:/Programy/Epic Games/4.10/Engine/Binaries/Win64/../../../Engine/Shaders/GpuSkinCacheComputeShader.usf" 193
"D:/Programy/Epic Games/4.10/Engine/Binaries/Win64/../../../Engine/Shaders/NullPixelShader.usf" 194
"D:/Programy/Epic Games/4.10/Engine/Binaries/Win64/../../../Engine/Shaders/LandscapeGrassWeight.usf" 195
"D:/Programy/Epic Games/4.10/Engine/Binaries/Win64/../../../Engine/Shaders/VisualizeTexture.usf" 196
"D:/Programy/Epic Games/4.10/Engine/Binaries/Win64/../../../Engine/Shaders/ScreenSpaceReflections.usf" 197
"D:/Programy/Epic Games/4.10/Engine/Binaries/Win64/../../../Engine/Shaders/BRDF.usf" 198
"D:/Programy/Epic Games/4.10/Engine/Binaries/Win64/../../../Engine/Shaders/MonteCarlo.usf" 199
"D:/Programy/Epic Games/4.10/Engine/Binaries/Win64/../../../Engine/Shaders/ScreenSpaceRayCast.usf" 200
"D:/Programy/Epic Games/4.10/Engine/Binaries/Win64/../../../Engine/Shaders/FilterVertexShader.usf" 201
"D:/Programy/Epic Games/4.10/Engine/Binaries/Win64/../../../Engine/Shaders/FilterPixelShader.usf" 202
"D:/Programy/Epic Games/4.10/Engine/Binaries/Win64/../../../Engine/Shaders/PostProcessVisualizeHDR.usf" 203
"D:/Programy/Epic Games/4.10/Engine/Binaries/Win64/../../../Engine/Shaders/PostProcessHistogramCommon.usf" 204
"D:/Programy/Epic Games/4.10/Engine/Binaries/Win64/../../../Engine/Shaders/TonemapCommon.usf" 205
"D:/Programy/Epic Games/4.10/Engine/Binaries/Win64/../../../Engine/Shaders/ACES.usf" 206
"D:/Programy/Epic Games/4.10/Engine/Binaries/Win64/../../../Engine/Shaders/MiniFontCommon.usf" 207
"D:/Programy/Epic Games/4.10/Engine/Binaries/Win64/../../../Engine/Shaders/PostProcessVisualizeBuffer.usf" 208
"D:/Programy/Epic Games/4.10/Engine/Binaries/Win64/../../../Engine/Shaders/PostProcessUpscale.usf" 209
"D:/Programy/Epic Games/4.10/Engine/Binaries/Win64/../../../Engine/Shaders/PostProcessTonemap.usf" 210
"D:/Programy/Epic Games/4.10/Engine/Binaries/Win64/../../../Engine/Shaders/PostProcessTestImage.usf" 211
"D:/Programy/Epic Games/4.10/Engine/Binaries/Win64/../../../Engine/Shaders/PostProcessTemporalAA.usf" 212
"D:/Programy/Epic Games/4.10/Engine/Binaries/Win64/../../../Engine/Shaders/PostProcessTemporalCommon.usf" 213
"D:/Programy/Epic Games/4.10/Engine/Binaries/Win64/../../../Engine/Shaders/PostProcessSubsurface.usf" 214
"D:/Programy/Epic Games/4.10/Engine/Binaries/Win64/../../../Engine/Shaders/SeparableSSS.usf" 215
"D:/Programy/Epic Games/4.10/Engine/Binaries/Win64/../../../Engine/Shaders/PostProcessSelectionOutline.usf" 216
"D:/Programy/Epic Games/4.10/Engine/Binaries/Win64/../../../Engine/Shaders/PostProcessSceneColorFringe.usf" 217
"D:/Programy/Epic Games/4.10/Engine/Binaries/Win64/../../../Engine/Shaders/PostProcessNoiseBlur.usf" 218
"D:/Programy/Epic Games/4.10/Engine/Binaries/Win64/../../../Engine/Shaders/PostProcessMotionBlur.usf" 219
"D:/Programy/Epic Games/4.10/Engine/Binaries/Win64/../../../Engine/Shaders/FastMath.usf" 220
"D:/Programy/Epic Games/4.10/Engine/Binaries/Win64/../../../Engine/Shaders/PostProcessVelocityFlatten.usf" 221
"D:/Programy/Epic Games/4.10/Engine/Binaries/Win64/../../../Engine/Shaders/PostProcessMobile.usf" 222
"D:/Programy/Epic Games/4.10/Engine/Binaries/Win64/../../../Engine/Shaders/PostProcessMaterialShaders.usf" 223
"D:/Programy/Epic Games/4.10/Engine/Binaries/Win64/../../../Engine/Shaders/PostProcessLensFlares.usf" 224
"D:/Programy/Epic Games/4.10/Engine/Binaries/Win64/../../../Engine/Shaders/PostProcessLensBlur.usf" 225
"D:/Programy/Epic Games/4.10/Engine/Binaries/Win64/../../../Engine/Shaders/PostProcessBloom.usf" 226
"D:/Programy/Epic Games/4.10/Engine/Binaries/Win64/../../../Engine/Shaders/PostProcessHMD.usf" 227
"D:/Programy/Epic Games/4.10/Engine/Binaries/Win64/../../../Engine/Shaders/PostProcessHistogramReduce.usf" 228
"D:/Programy/Epic Games/4.10/Engine/Binaries/Win64/../../../Engine/Shaders/PostProcessHistogram.usf" 229
"D:/Programy/Epic Games/4.10/Engine/Binaries/Win64/../../../Engine/Shaders/PostProcessHierarchical.usf" 230
"D:/Programy/Epic Games/4.10/Engine/Binaries/Win64/../../../Engine/Shaders/PostProcessGBufferHints.usf" 231
"D:/Programy/Epic Games/4.10/Engine/Binaries/Win64/../../../Engine/Shaders/PostProcessEyeAdaptation.usf" 232
"D:/Programy/Epic Games/4.10/Engine/Binaries/Win64/../../../Engine/Shaders/PostProcessDownsample.usf" 233
"D:/Programy/Epic Games/4.10/Engine/Binaries/Win64/../../../Engine/Shaders/PostProcessDOF.usf" 234
"D:/Programy/Epic Games/4.10/Engine/Binaries/Win64/../../../Engine/Shaders/PostProcessCompositeEditorPrimitives.usf" 235
"D:/Programy/Epic Games/4.10/Engine/Binaries/Win64/../../../Engine/Shaders/PostProcessCombineLUTs.usf" 236
"D:/Programy/Epic Games/4.10/Engine/Binaries/Win64/../../../Engine/Shaders/PostProcessCircleDOF.usf" 237
"D:/Programy/Epic Games/4.10/Engine/Binaries/Win64/../../../Engine/Shaders/CircleDOFCommon.usf" 238
"D:/Programy/Epic Games/4.10/Engine/Binaries/Win64/../../../Engine/Shaders/PostProcessBusyWait.usf" 239
"D:/Programy/Epic Games/4.10/Engine/Binaries/Win64/../../../Engine/Shaders/PostProcessBokehDOF.usf" 240
"D:/Programy/Epic Games/4.10/Engine/Binaries/Win64/../../../Engine/Shaders/PostProcessVisualizeDOF.usf" 241
"D:/Programy/Epic Games/4.10/Engine/Binaries/Win64/../../../Engine/Shaders/FXAAShader.usf" 242
"D:/Programy/Epic Games/4.10/Engine/Binaries/Win64/../../../Engine/Shaders/Fxaa3_11.usf" 243
"D:/Programy/Epic Games/4.10/Engine/Binaries/Win64/../../../Engine/Shaders/PostProcessPassThrough.usf" 244
"D:/Programy/Epic Games/4.10/Engine/Binaries/Win64/../../../Engine/Shaders/PostProcessLpvIndirect.usf" 245
"D:/Programy/Epic Games/4.10/Engine/Binaries/Win64/../../../Engine/Shaders/DeferredLightingCommon.usf" 246
"D:/Programy/Epic Games/4.10/Engine/Binaries/Win64/../../../Engine/Shaders/DynamicLightingCommon.usf" 247
"D:/Programy/Epic Games/4.10/Engine/Binaries/Win64/../../../Engine/Shaders/ShadingModels.usf" 248
"D:/Programy/Epic Games/4.10/Engine/Binaries/Win64/../../../Engine/Shaders/LPVFinalPass.usf" 249
"D:/Programy/Epic Games/4.10/Engine/Binaries/Win64/../../../Engine/Shaders/LPVCommon.usf" 250
"D:/Programy/Epic Games/4.10/Engine/Binaries/Win64/../../../Engine/Shaders/DeferredDecal.usf" 251
"D:/Programy/Epic Games/4.10/Engine/Binaries/Win64/../../../Engine/Shaders/PostProcessAmbientOcclusion.usf" 252
"D:/Programy/Epic Games/4.10/Engine/Binaries/Win64/../../../Engine/Shaders/PostProcessAmbient.usf" 253
"D:/Programy/Epic Games/4.10/Engine/Binaries/Win64/../../../Engine/Shaders/CubemapCommon.usf" 254
"D:/Programy/Epic Games/4.10/Engine/Binaries/Win64/../../../Engine/Shaders/VelocityShader.usf" 255
"D:/Programy/Epic Games/4.10/Engine/Binaries/Win64/../../../Engine/Shaders/VelocityCommon.usf" 256
"D:/Programy/Epic Games/4.10/Engine/Binaries/Win64/../../../Engine/Shaders/Tessellation.usf" 257
"D:/Programy/Epic Games/4.10/Engine/Binaries/Win64/../../../Engine/Shaders/FlatTessellation.usf" 258
"D:/Programy/Epic Games/4.10/Engine/Binaries/Win64/../../../Engine/Shaders/PNTriangles.usf" 259
"D:/Programy/Epic Games/4.10/Engine/Binaries/Win64/../../../Engine/Shaders/TranslucentLightingShaders.usf" 260
"D:/Programy/Epic Games/4.10/Engine/Binaries/Win64/../../../Engine/Shaders/SHCommon.usf" 261
"D:/Programy/Epic Games/4.10/Engine/Binaries/Win64/../../../Engine/Shaders/ShadowProjectionCommon.usf" 262
"D:/Programy/Epic Games/4.10/Engine/Binaries/Win64/../../../Engine/Shaders/TranslucentLightInjectionShaders.usf" 263
"D:/Programy/Epic Games/4.10/Engine/Binaries/Win64/../../../Engine/Shaders/LightFunctionCommon.usf" 264
"D:/Programy/Epic Games/4.10/Engine/Binaries/Win64/../../../Engine/Shaders/TranslucentShadowDepthShaders.usf" 265
"D:/Programy/Epic Games/4.10/Engine/Binaries/Win64/../../../Engine/Shaders/ShadowDepthCommon.usf" 266
"D:/Programy/Epic Games/4.10/Engine/Binaries/Win64/../../../Engine/Shaders/TiledDeferredLightShaders.usf" 267
"D:/Programy/Epic Games/4.10/Engine/Binaries/Win64/../../../Engine/Shaders/SurfelTree.usf" 268
"D:/Programy/Epic Games/4.10/Engine/Binaries/Win64/../../../Engine/Shaders/DistanceFieldLightingShared.usf" 269
"D:/Programy/Epic Games/4.10/Engine/Binaries/Win64/../../../Engine/Shaders/SurfelMaterialShared.usf" 270
"D:/Programy/Epic Games/4.10/Engine/Binaries/Win64/../../../Engine/Shaders/DistanceFieldAOShared.usf" 271
"D:/Programy/Epic Games/4.10/Engine/Binaries/Win64/../../../Engine/Shaders/ShadowProjectionPixelShader.usf" 272
"D:/Programy/Epic Games/4.10/Engine/Binaries/Win64/../../../Engine/Shaders/ShadowFilteringCommon.usf" 273
"D:/Programy/Epic Games/4.10/Engine/Binaries/Win64/../../../Engine/Shaders/ShadowProjectionVertexShader.usf" 274
"D:/Programy/Epic Games/4.10/Engine/Binaries/Win64/../../../Engine/Shaders/ShadowDepthPixelShader.usf" 275
"D:/Programy/Epic Games/4.10/Engine/Binaries/Win64/../../../Engine/Shaders/LPVWriteVplCommon.usf" 276
"D:/Programy/Epic Games/4.10/Engine/Binaries/Win64/../../../Engine/Shaders/LPVWriteCommon.usf" 277
"D:/Programy/Epic Games/4.10/Engine/Binaries/Win64/../../../Engine/Shaders/ShadowDepthVertexShader.usf" 278
"D:/Programy/Epic Games/4.10/Engine/Binaries/Win64/../../../Engine/Shaders/ShaderComplexityApplyPixelShader.usf" 279
"D:/Programy/Epic Games/4.10/Engine/Binaries/Win64/../../../Engine/Shaders/ShaderComplexityApplyVertexShader.usf" 280
"D:/Programy/Epic Games/4.10/Engine/Binaries/Win64/../../../Engine/Shaders/ShaderComplexityAccumulatePixelShader.usf" 281
"D:/Programy/Epic Games/4.10/Engine/Binaries/Win64/../../../Engine/Shaders/HZBOcclusion.usf" 282
"D:/Programy/Epic Games/4.10/Engine/Binaries/Win64/../../../Engine/Shaders/OcclusionQueryVertexShader.usf" 283
"D:/Programy/Epic Games/4.10/Engine/Binaries/Win64/../../../Engine/Shaders/HitProxyPixelShader.usf" 284
"D:/Programy/Epic Games/4.10/Engine/Binaries/Win64/../../../Engine/Shaders/HitProxyVertexShader.usf" 285
"D:/Programy/Epic Games/4.10/Engine/Binaries/Win64/../../../Engine/Shaders/ReflectionEnvironmentShaders.usf" 286
"D:/Programy/Epic Games/4.10/Engine/Binaries/Win64/../../../Engine/Shaders/ReflectionEnvironmentShared.usf" 287
"D:/Programy/Epic Games/4.10/Engine/Binaries/Win64/../../../Engine/Shaders/SkyLightingShared.usf" 288
"D:/Programy/Epic Games/4.10/Engine/Binaries/Win64/../../../Engine/Shaders/ReflectionEnvironmentComputeShaders.usf" 289
"D:/Programy/Epic Games/4.10/Engine/Binaries/Win64/../../../Engine/Shaders/LightShaftShader.usf" 290
"D:/Programy/Epic Games/4.10/Engine/Binaries/Win64/../../../Engine/Shaders/StationaryLightOverlapShaders.usf" 291
"D:/Programy/Epic Games/4.10/Engine/Binaries/Win64/../../../Engine/Shaders/DeferredLightPixelShaders.usf" 292
"D:/Programy/Epic Games/4.10/Engine/Binaries/Win64/../../../Engine/Shaders/DeferredLightVertexShaders.usf" 293
"D:/Programy/Epic Games/4.10/Engine/Binaries/Win64/../../../Engine/Shaders/LPVVisualise.usf" 294
"D:/Programy/Epic Games/4.10/Engine/Binaries/Win64/../../../Engine/Shaders/LPVGeometryVolumeCommon.usf" 295
"D:/Programy/Epic Games/4.10/Engine/Binaries/Win64/../../../Engine/Shaders/LPVDirectLightInject.usf" 296
"D:/Programy/Epic Games/4.10/Engine/Binaries/Win64/../../../Engine/Shaders/LPVPropagate.usf" 297
"D:/Programy/Epic Games/4.10/Engine/Binaries/Win64/../../../Engine/Shaders/LPVPacking.usf" 298
"D:/Programy/Epic Games/4.10/Engine/Binaries/Win64/../../../Engine/Shaders/LPVBuildGeometryVolume.usf" 299
"D:/Programy/Epic Games/4.10/Engine/Binaries/Win64/../../../Engine/Shaders/LpvDirectionalOcclusion.usf" 300
"D:/Programy/Epic Games/4.10/Engine/Binaries/Win64/../../../Engine/Shaders/LPVInject_AccumulateVplLists.usf" 301
"D:/Programy/Epic Games/4.10/Engine/Binaries/Win64/../../../Engine/Shaders/LPVInject_GenerateVplLists.usf" 302
"D:/Programy/Epic Games/4.10/Engine/Binaries/Win64/../../../Engine/Shaders/LPVClearLists.usf" 303
"D:/Programy/Epic Games/4.10/Engine/Binaries/Win64/../../../Engine/Shaders/LPVClear.usf" 304
"D:/Programy/Epic Games/4.10/Engine/Binaries/Win64/../../../Engine/Shaders/LightMapDensityShader.usf" 305
"D:/Programy/Epic Games/4.10/Engine/Binaries/Win64/../../../Engine/Shaders/LightFunctionPixelShader.usf" 306
"D:/Programy/Epic Games/4.10/Engine/Binaries/Win64/../../../Engine/Shaders/LightFunctionVertexShader.usf" 307
"D:/Programy/Epic Games/4.10/Engine/Binaries/Win64/../../../Engine/Shaders/HeightfieldLighting.usf" 308
"D:/Programy/Epic Games/4.10/Engine/Binaries/Win64/../../../Engine/Shaders/DistanceFieldShadowingShared.usf" 309
"D:/Programy/Epic Games/4.10/Engine/Binaries/Win64/../../../Engine/Shaders/HdrCustomResolveShaders.usf" 310
"D:/Programy/Epic Games/4.10/Engine/Binaries/Win64/../../../Engine/Shaders/GPUBenchmark.usf" 311
"D:/Programy/Epic Games/4.10/Engine/Binaries/Win64/../../../Engine/Shaders/GlobalDistanceField.usf" 312
"D:/Programy/Epic Games/4.10/Engine/Binaries/Win64/../../../Engine/Shaders/GammaCorrection.usf" 313
"D:/Programy/Epic Games/4.10/Engine/Binaries/Win64/../../../Engine/Shaders/BasePassForForwardShadingPixelShader.usf" 314
"D:/Programy/Epic Games/4.10/Engine/Binaries/Win64/../../../Engine/Shaders/BasePassForForwardShadingCommon.usf" 315
"D:/Programy/Epic Games/4.10/Engine/Binaries/Win64/../../../Engine/Shaders/LightmapCommon.usf" 316
"D:/Programy/Epic Games/4.10/Engine/Binaries/Win64/../../../Engine/Shaders/BasePassForForwardShadingVertexShader.usf" 317
"D:/Programy/Epic Games/4.10/Engine/Binaries/Win64/../../../Engine/Shaders/HeightFogCommon.usf" 318
"D:/Programy/Epic Games/4.10/Engine/Binaries/Win64/../../../Engine/Shaders/HeightFogPixelShader.usf" 319
"D:/Programy/Epic Games/4.10/Engine/Binaries/Win64/../../../Engine/Shaders/HeightFogVertexShader.usf" 320
"D:/Programy/Epic Games/4.10/Engine/Binaries/Win64/../../../Engine/Shaders/DistortAccumulatePS.usf" 321
"D:/Programy/Epic Games/4.10/Engine/Binaries/Win64/../../../Engine/Shaders/DistortAccumulateVS.usf" 322
"D:/Programy/Epic Games/4.10/Engine/Binaries/Win64/../../../Engine/Shaders/DistortApplyScreenPS.usf" 323
"D:/Programy/Epic Games/4.10/Engine/Binaries/Win64/../../../Engine/Shaders/DistanceFieldSurfaceCacheLighting.usf" 324
"D:/Programy/Epic Games/4.10/Engine/Binaries/Win64/../../../Engine/Shaders/SkyLighting.usf" 325
"D:/Programy/Epic Games/4.10/Engine/Binaries/Win64/../../../Engine/Shaders/DistanceFieldSurfaceCacheLightingCompute.usf" 326
"D:/Programy/Epic Games/4.10/Engine/Binaries/Win64/../../../Engine/Shaders/DistanceFieldShadowing.usf" 327
"D:/Programy/Epic Games/4.10/Engine/Binaries/Win64/../../../Engine/Shaders/DistanceFieldScreenGridLighting.usf" 328
"D:/Programy/Epic Games/4.10/Engine/Binaries/Win64/../../../Engine/Shaders/DistanceFieldLightingPost.usf" 329
"D:/Programy/Epic Games/4.10/Engine/Binaries/Win64/../../../Engine/Shaders/DistanceFieldGlobalIllumination.usf" 330
"D:/Programy/Epic Games/4.10/Engine/Binaries/Win64/../../../Engine/Shaders/DepthOnlyPixelShader.usf" 331
"D:/Programy/Epic Games/4.10/Engine/Binaries/Win64/../../../Engine/Shaders/DepthOnlyVertexShader.usf" 332
"D:/Programy/Epic Games/4.10/Engine/Binaries/Win64/../../../Engine/Shaders/PositionOnlyDepthVertexShader.usf" 333
"D:/Programy/Epic Games/4.10/Engine/Binaries/Win64/../../../Engine/Shaders/DownsampleDepthPixelShader.usf" 334
"D:/Programy/Epic Games/4.10/Engine/Binaries/Win64/../../../Engine/Shaders/EvaluateSurfelMaterial.usf" 335
"D:/Programy/Epic Games/4.10/Engine/Binaries/Win64/../../../Engine/Shaders/ConvertToUniformMesh.usf" 336
"D:/Programy/Epic Games/4.10/Engine/Binaries/Win64/../../../Engine/Shaders/BasePassPixelShader.usf" 337
"D:/Programy/Epic Games/4.10/Engine/Binaries/Win64/../../../Engine/Shaders/BasePassCommon.usf" 338
"D:/Programy/Epic Games/4.10/Engine/Binaries/Win64/../../../Engine/Shaders/ForEachLight.usf" 339
"D:/Programy/Epic Games/4.10/Engine/Binaries/Win64/../../../Engine/Shaders/BasePassVertexShader.usf" 340
"D:/Programy/Epic Games/4.10/Engine/Binaries/Win64/../../../Engine/Shaders/BasePassVertexCommon.usf" 341
"D:/Programy/Epic Games/4.10/Engine/Binaries/Win64/../../../Engine/Shaders/BasePassTessellationShaders.usf" 342
"D:/Programy/Epic Games/4.10/Engine/Binaries/Win64/../../../Engine/Shaders/AtmospherePrecompute.usf" 343
"D:/Programy/Epic Games/4.10/Engine/Binaries/Win64/../../../Engine/Shaders/AtmospherePrecomputeCommon.usf" 344
"D:/Programy/Epic Games/4.10/Engine/Binaries/Win64/../../../Engine/Shaders/AtmospherePrecomputeInscatter.usf" 345
"D:/Programy/Epic Games/4.10/Engine/Binaries/Win64/../../../Engine/Shaders/AtmosphericFogShader.usf" 346
"D:/Programy/Epic Games/4.10/Engine/Binaries/Win64/../../../Engine/Shaders/ResolveVertexShader.usf" 347
"D:/Programy/Epic Games/4.10/Engine/Binaries/Win64/../../../Engine/Shaders/ResolvePixelShader.usf" 348
"D:/Programy/Epic Games/4.10/Engine/Binaries/Win64/../../../Engine/Shaders/OneColorShader.usf" 349
"D:/Programy/Epic Games/4.10/Engine/Binaries/Win64/../../../Engine/Shaders/MediaShaders.usf" 350
"D:/Programy/Epic Games/4.10/Engine/Binaries/Win64/../../../Engine/Shaders/ClearReplacementShaders.usf" 351
"D:/Programy/Epic Games/4.10/Engine/Binaries/Win64/../../../Engine/Shaders/SimpleElementTexture2DPreviewPixelShader.usf" 352
"D:/Programy/Epic Games/4.10/Engine/Binaries/Win64/../../../Engine/Shaders/SimpleElementNormalMapPixelShader.usf" 353
"D:/Programy/Epic Games/4.10/Engine/Binaries/Win64/../../../Engine/Shaders/meshpaintdilatepixelshader.usf" 354
"D:/Programy/Epic Games/4.10/Engine/Binaries/Win64/../../../Engine/Shaders/meshpaintdilatevertexshader.usf" 355
"D:/Programy/Epic Games/4.10/Engine/Binaries/Win64/../../../Engine/Shaders/MeshPaintPixelShader.usf" 356
"D:/Programy/Epic Games/4.10/Engine/Binaries/Win64/../../../Engine/Shaders/MeshPaintVertexShader.usf" 357
"../../../Engine/Config/Android/AndroidEngine.ini" 358
"../../../Engine/Config/IOS/IOSEngine.ini" 359
"../../../Engine/Config/Linux/LinuxEngine.ini" 360
"C:/Users/Spidior/AppData/Local/UnrealEngine/4.10/DerivedDataCache/Boot.ddc" 361
"../../../Engine/DerivedDataCache/Compressed.ddp" 362
"../../../Engine/Content/EngineFonts/Roboto.uasset" 363
"../../../Engine/Content/EngineMaterials/Widget3DPassThrough_Translucent.uasset" 364
"../../../Engine/Content/EngineMaterials/Widget3DPassThrough.uasset" 365
"../../../Engine/Content/Functions/Engine_MaterialFunctions02/Texturing/ScreenAlignedUVs.uasset" 366
"../../../Engine/Content/EngineResources/WhiteSquareTexture.uasset" 367
"../../../Engine/Content/Functions/Engine_MaterialFunctions01/Shading/PowerToRoughness.uasset" 368
"../../../Engine/Content/Functions/Engine_MaterialFunctions01/Shading/ConvertFromDiffSpec.uasset" 369
"../../../Engine/Content/EngineMaterials/WorldGridMaterial.uasset" 370
"../../../Engine/Content/Functions/Engine_MaterialFunctions01/Opacity/CameraDepthFade.uasset" 371
"../../../Engine/Content/EngineMaterials/T_Default_Material_Grid_M.uasset" 372
"../../../Engine/Content/EngineMaterials/T_Default_Material_Grid_N.uasset" 373
"../../../Engine/Content/EngineMaterials/DefaultDeferredDecalMaterial.uasset" 374
"../../../Engine/Content/EngineMaterials/DefaultDiffuse.uasset" 375
"../../../Engine/Content/EngineMaterials/DefaultLightFunctionMaterial.uasset" 376
"../../../Engine/Content/EngineMaterials/DefaultPostProcessMaterial.uasset" 377
"../../../Engine/Content/Functions/Engine_MaterialFunctions02/Utility/BreakOutFloat2Components.uasset" 378
"../../../Engine/Content/EngineResources/DefaultTexture.uasset" 379
"../../../Engine/Content/EngineMaterials/Widget3DPassThrough_Translucent_OneSided.uasset" 380
"../../../Engine/Content/EngineMaterials/Widget3DPassThrough_Opaque.uasset" 381
"../../../Engine/Content/EngineMaterials/Widget3DPassThrough_Opaque_OneSided.uasset" 382
"../../../Engine/Content/EngineMaterials/Widget3DPassThrough_Masked.uasset" 383
"../../../Engine/Content/EngineMaterials/Widget3DPassThrough_Masked_OneSided.uasset" 384
"../../../Engine/Content/EditorResources/S_Actor.uasset" 385
"D:/Projekty/Unreal Engine/SuperPjotrekBros/Saved/Config/Windows/TemplateDefs.ini" 386
"../../../../../../Projekty/Unreal Engine/SuperPjotrekBros/Intermediate/Config/CoalescedSourceConfigs/TemplateDefs.ini" 387
"D:/Projekty/Unreal Engine/SuperPjotrekBros/Saved/Config/Windows/GameplayTags.ini" 388
"../../../../../../Projekty/Unreal Engine/SuperPjotrekBros/Intermediate/Config/CoalescedSourceConfigs/GameplayTags.ini" 389
"../../../Engine/Content/Maps/Templates/Thumbnails/Default.uasset" 390
"../../../Engine/Content/EditorMaterials/ParticleSystems/PSysThumbnail_NoImage.uasset" 391
"../../../Engine/Content/EditorMaterials/ParticleSystems/PSysThumbnail_OOD.uasset" 392
"../../../Engine/Content/EditorLandscapeResources/DataLayer.uasset" 393
"../../../Engine/Content/EngineDamageTypes/DmgTypeBP_Environmental.uasset" 394
"..\..\..\Engine\Content\Internationalization\icudt53l\numberingSystems.res" 395
"..\..\..\Engine\Content\Internationalization\icudt53l\curr\supplementalData.res" 396
"..\..\..\Engine\Content\Internationalization\icudt53l\curr\pool.res" 397
"..\..\..\Engine\Content\Internationalization\icudt53l\curr\en.res" 398
"..\..\..\Engine\Content\Internationalization\icudt53l\curr\root.res" 399
"../../../Engine/Content/EngineMeshes/Sphere.uasset" 400
"../../../Engine/Content/EngineFonts/RobotoDistanceField.uasset" 401
"../../../Engine/Content/EngineMaterials/DefaultTextMaterialOpaque.uasset" 402
"../../../Engine/Content/EditorResources/S_Trigger.uasset" 403
"../../../Engine/Content/EngineResources/GradientTexture0.uasset" 404
"../../../Engine/Content/EngineResources/Black.uasset" 405
"../../../Engine/Content/EditorMaterials/MatineeGroups/MAT_Groups_Float.uasset" 406
"../../../Engine/Content/EditorMaterials/MatineeGroups/MAT_Groups_Director.uasset" 407
"../../../Engine/Content/EditorMaterials/MatineeGroups/MAT_Groups_Event.uasset" 408
"../../../Engine/Content/EditorMaterials/MatineeGroups/MAT_Groups_Anim.uasset" 409
"../../../Engine/Content/EditorMaterials/MatineeGroups/MAT_Groups_Fade.uasset" 410
"../../../Engine/Content/EditorMaterials/MatineeGroups/MAT_Groups_Move.uasset" 411
"../../../Engine/Content/EditorMaterials/MatineeGroups/MAT_Groups_Slomo.uasset" 412
"../../../Engine/Content/EditorMaterials/MatineeGroups/MAT_ColorTrack.uasset" 413
"../../../Engine/Content/EditorMaterials/MAT_Groups_Toggle.uasset" 414
"../../../Engine/Content/EditorMaterials/MatineeGroups/MAT_Groups_AudioMaster.uasset" 415
"../../../Engine/Content/EditorMaterials/MatineeGroups/MAT_Groups_Sound.uasset" 416
"../../../Engine/Content/EditorMaterials/MatineeGroups/MAT_Groups_Vector.uasset" 417
"../../../Engine/Content/EditorMaterials/MAT_Groups_Visibility.uasset" 418
"../../../Engine/Content/EngineResources/DefaultTextureCube.uasset" 419
"../../../Engine/Content/EngineSounds/Master.uasset" 420
"../../../Engine/Content/EngineSounds/Music.uasset" 421
"../../../Engine/Content/EngineSounds/SFX.uasset" 422
"../../../Engine/Content/EngineSounds/Normal_Attack.uasset" 423
"../../../Engine/Content/EngineSounds/Special_Attack_PSM.uasset" 424
"../../../Engine/Content/EngineSounds/Duck_Normal_Attack_MixMod.uasset" 425
"../../../Engine/Content/EngineSounds/Voice.uasset" 426
"../../../Engine/Content/EngineMeshes/Cylinder.uasset" 427
"../../../Engine/Content/EngineMaterials/DefaultMaterial.uasset" 428
"../../../Engine/Content/EngineTireTypes/DefaultTireType.uasset" 429
"../../../Engine/Content/Editor/Slate/Fonts/FontAwesome.ttf" 430
"../../../Engine/Content/Editor/Slate/Fonts/DroidSansMono.ttf" 431
"../../../Engine/Content/Editor/Slate/Fonts/Roboto-BoldCondensed.ttf" 432
"../../../Engine/Content/Editor/Slate/Fonts/Roboto-Black.ttf" 433
"../../../Engine/Content/Editor/Slate/Fonts/Roboto-Italic.ttf" 434
"../../../Engine/Content/Editor/Slate/Fonts/Roboto-BoldCondensedItalic.ttf" 435
"..\..\..\Engine\Content\Internationalization\icudt53l\coll\ucadata.icu" 436
"..\..\..\Engine\Content\Internationalization\icudt53l\nfc.nrm" 437
"..\..\..\Engine\Content\Internationalization\icudt53l\coll\en.res" 438
"..\..\..\Engine\Content\Internationalization\icudt53l\coll\root.res" 439
"../../../Engine/Content/EngineResources/AICON-Red.uasset" 440
"../../../Engine/Content/EngineResources/AICON-Green.uasset" 441
"../../../Engine/Content/Tutorial/Basics/LevelEditorAttract.uasset" 442
"../../../Engine/Content/Tutorial/Basics/LevelEditorOverview.uasset" 443
"../../../Engine/Content/Tutorial/Basics/TutorialAssets/icon_tab_Levels_40x.uasset" 444
"../../../Engine/Content/Tutorial/ContentIntroCurve.uasset" 445
"../../../Engine/Plugins/2D/Paper2D/Content/MaskedUnlitSpriteMaterial.uasset" 446
"../../../Engine/Plugins/2D/Paper2D/Content/DefaultSpriteMaterial.uasset" 447
"../../../Engine/Plugins/2D/Paper2D/Content/PlaceholderTextures/DummySpriteTexture.uasset" 448
"../../../Engine/Plugins/2D/Paper2D/Content/OpaqueUnlitSpriteMaterial.uasset" 449
"../../../Engine/Plugins/2D/Paper2D/Content/DefaultPaperTerrainMaterial.uasset" 450
"../../../Engine/Plugins/2D/Paper2D/Content/DummySprite.uasset" 451
"../../../Engine/Plugins/2D/Paper2D/Content/DummySpriteTexture.uasset" 452
"C:/Users/Spidior/AppData/Local/UnrealEngine/4.10/Saved/Config/Windows/SourceControlSettings.ini" 453
"../../../../../../Projekty/Unreal Engine/SuperPjotrekBros/Intermediate/Config/CoalescedSourceConfigs/SourceControlSettings.ini" 454
"D:/Projekty/Unreal Engine/SuperPjotrekBros/Saved/Config/Windows/SourceControlSettings.ini" 455
"../../../Engine/Plugins/Runtime/LeapMotionController/Content/LM_CapsuleMesh.uasset" 456
"../../../Engine/Plugins/Runtime/LeapMotionController/Content/LM_TorusMesh.uasset" 457
"../../../Engine/Plugins/Runtime/LeapMotionController/Content/LM_HandColor.uasset" 458
"../../../Engine/Plugins/Runtime/LeapMotionController/Content/LM_PassthroughMaterial.uasset" 459
"../../../Engine/Plugins/Runtime/LeapMotionController/Content/LM_SampleDistortion.uasset" 460
"../../../Engine/Plugins/Runtime/LeapMotionController/Content/LM_TestTexture.uasset" 461
"../../../Engine/Content/BasicShapes/Cube.uasset" 462
"../../../Engine/Content/EngineMaterials/RemoveSurfaceMaterial.uasset" 463
"../../../Engine/Content/EngineDebugMaterials/DebugMeshMaterial.uasset" 464
"../../../Engine/Content/EngineMaterials/M_InvalidLightmapSettings.uasset" 465
"../../../Engine/Content/EngineMaterials/InvalidLightmapSettings.uasset" 466
"../../../Engine/Content/EditorMaterials/GizmoMaterial.uasset" 467
"../../../Engine/Content/EngineMaterials/Good64x64TilingNoiseHighFreq.uasset" 468
"../../../Engine/Content/EngineMaterials/DefaultBokeh.uasset" 469
"../../../Engine/Content/EngineMaterials/PreintegratedSkinBRDF.uasset" 470
"../../../Engine/Content/EngineMaterials/MiniFont.uasset" 471
"../../../Engine/Content/EngineMaterials/WeightMapPlaceholderTexture.uasset" 472
"../../../Engine/Content/EngineMaterials/DefaultWhiteGrid.uasset" 473
"../../../Engine/Content/EngineMaterials/DefaultPhysicalMaterial.uasset" 474
"../../../Engine/Content/EngineFonts/RobotoTiny.uasset" 475
"../../../../../../Projekty/Unreal Engine/SuperPjotrekBros/Intermediate/CachedAssetRegistry.bin" 476
"../../../Engine/Config/HTML5/HTML5Engine.ini" 477
"../../../Engine/Content/MobileResources/HUD/VirtualJoystick_Thumb.uasset" 478
"../../../../../../Projekty/Unreal Engine/SuperPjotrekBros/Content/GameSettings/PjotrekInstance.uasset" 479
"../../../Engine/Content/EditorBlueprintResources/StandardMacros.uasset" 480
"../../../../../../Projekty/Unreal Engine/SuperPjotrekBros/Content/Maps/MainMenu/Menu.uasset" 481
"../../../../../../Projekty/Unreal Engine/SuperPjotrekBros/Content/Maps/MainMenu/Settings.uasset" 482
"../../../../../../Projekty/Unreal Engine/SuperPjotrekBros/Content/Player/PjotrekGameMode.uasset" 483
"../../../../../../Projekty/Unreal Engine/SuperPjotrekBros/Content/Player/PjotrekCharakterTESTAGAIN.uasset" 484
"../../../../../../Projekty/Unreal Engine/SuperPjotrekBros/Content/Flipbooks/PjotrekFlipbook.uasset" 485
"../../../../../../Projekty/Unreal Engine/SuperPjotrekBros/Content/Sprites/Charakters/PjotrekSprite.uasset" 486
"../../../../../../Projekty/Unreal Engine/SuperPjotrekBros/Content/Sprites/Charakters/Pjotrek.uasset" 487
"../../../../../../Projekty/Unreal Engine/SuperPjotrekBros/Content/GameSettings/HUD_TEST.uasset" 488
"../../../Engine/Content/EditorResources/BSPVertex.uasset" 489
"../../../Engine/Content/EngineDebugMaterials/GeomMaterial.uasset" 490
"../../../Engine/Content/EngineDebugMaterials/BoneWeightMaterial.uasset" 491
"../../../Engine/Content/EngineDebugMaterials/HeatmapGradient.uasset" 492
"../../../Engine/Content/EditorMaterials/PhAT_JointLimitMaterial.uasset" 493
"../../../Engine/Content/EditorMaterials/PreviewShadowIndicatorMaterial.uasset" 494
"../../../Engine/Content/EditorMaterials/PreviewShadowIndicator.uasset" 495
"../../../Engine/Content/EngineMaterials/EditorBrushMaterial.uasset" 496
"../../../Engine/Content/MobileResources/HUD/LeftVirtualJoystickOnly.uasset" 497
"../../../Engine/Content/MobileResources/HUD/VirtualJoystick_Background.uasset" 498
"../../../Engine/Content/Tutorial/BlueprintTutorials/TutorialAssets/Blueprint_64x.uasset" 499
"../../../Engine/Content/Tutorial/SubEditors/TutorialAssets/icon_Editor_Preferences_General_40x.uasset" 500
"../../../Engine/Content/Tutorial/Paper2D/TutorialAssets/Paper2DSprite_TutorialIcon.uasset" 501
"../../../Engine/Content/Tutorial/SubEditors/TutorialAssets/icon_ShowSkeletalMeshes_40x.uasset" 502
"../../../Engine/Content/Tutorial/Landscape/TutorialAssets/Landscape.uasset" 503
"../../../Engine/Content/Tutorial/Foliage/TutorialAssets/Foliage.uasset" 504
"../../../Engine/Content/Tutorial/SubEditors/StaticMeshEditorTutorial.uasset" 505
"../../../Engine/Content/EngineMeshes/Cube.uasset" 506
"../../../Engine/Content/Tutorial/BlueprintTutorials/BlueprintEditorTutorial.uasset" 507
"../../../Engine/Content/Tutorial/BlueprintTutorials/BlueprintMacroLibrariesEditorOverview.uasset" 508
"../../../Engine/Content/Tutorial/BlueprintTutorials/TutorialAssets/BlueprintMacroLibrary_64x.uasset" 509
"../../../Engine/Content/Tutorial/BlueprintTutorials/TutorialAssets/Tutorial_BP_MacroLib.uasset" 510
"../../../Engine/Content/Tutorial/BlueprintTutorials/BlueprintInterfacesEditorOverview.uasset" 511
"../../../Engine/Content/Tutorial/BlueprintTutorials/TutorialAssets/BlueprintInterface_64x.uasset" 512
"../../../Engine/Content/Tutorial/BlueprintTutorials/TutorialAssets/Tutorial_BP_Interface.uasset" 513
"../../../Engine/Content/Tutorial/BlueprintTutorials/LevelBlueprintEditorOverview.uasset" 514
"../../../Engine/Content/Tutorial/SubEditors/DestructibleMeshEditorTutorial.uasset" 515
"../../../Engine/Content/Tutorial/SubEditors/TutorialAssets/Tutorial_DM.uasset" 516
"../../../Engine/Content/EditorMeshes/EditorCube.uasset" 517
"../../../Engine/Content/Tutorial/SubEditors/MaterialEditorTutorial.uasset" 518
"../../../Engine/Content/Tutorial/SubEditors/TutorialAssets/TutorialMaterial.uasset" 519
"../../../Engine/Content/Tutorial/SubEditors/ParticleSystemEditorTutorial.uasset" 520
"../../../Engine/Content/Tutorial/SubEditors/TutorialAssets/TutorialParticleSystem.uasset" 521
"../../../Engine/Content/Tutorial/SubEditors/TutorialAssets/M_smoke_subUV_blackbody.uasset" 522
"../../../Engine/Content/Tutorial/SubEditors/TutorialAssets/T_SmokeSubUV_8X8.uasset" 523
"../../../Engine/Content/Tutorial/SubEditors/TutorialAssets/T_soft_smoke.uasset" 524
"../../../Engine/Content/Tutorial/SubEditors/PersonaAnimEditorWalkThrough.uasset" 525
"../../../Engine/Content/Tutorial/SubEditors/TutorialAssets/Character/NewBlendSpace1D.uasset" 526
"../../../Engine/Content/Tutorial/SubEditors/TutorialAssets/Character/Tutorial_Idle.uasset" 527
"../../../Engine/Content/Tutorial/SubEditors/TutorialAssets/Character/TutorialTPP_Skeleton.uasset" 528
"../../../Engine/Content/Tutorial/SubEditors/TutorialAssets/Character/Tutorial_Walk_Fwd.uasset" 529
"../../../Engine/Content/Tutorial/SubEditors/TutorialAssets/Character/TutorialTPP.uasset" 530
"../../../Engine/Content/Tutorial/SubEditors/TutorialAssets/Character/TutorialTPP_Mat.uasset" 531
"../../../Engine/Content/Tutorial/SubEditors/TutorialAssets/Character/TutorialTPP_PhysicsAsset.uasset" 532
"../../../Engine/Content/Tutorial/SubEditors/PersonaAnimBlueprintEditorWalkthrough.uasset" 533
"../../../Engine/Content/Tutorial/SubEditors/TutorialAssets/Character/TutorialTPP_AnimBlueprint.uasset" 534
"../../../Engine/Content/Tutorial/SubEditors/TutorialAssets/Character/TutorialCharacter.uasset" 535
"../../../Engine/Content/Tutorial/Paper2D/SpriteEditorTutorial.uasset" 536
"../../../Engine/Content/Tutorial/Paper2D/FlipbookEditorTutorial.uasset" 537
"../../../Engine/Content/Tutorial/Paper2D/TutorialAssets/Paper2DFlipbook_TutorialIcon.uasset" 538
"../../../Engine/Content/Tutorial/Landscape/Landscape_Manage_Mode.uasset" 539
"../../../Engine/Content/Tutorial/Landscape/Landscape_Sculpt_Mode.uasset" 540
"../../../Engine/Content/Tutorial/Landscape/Landscape_Painting_Mode.uasset" 541
"../../../Engine/Content/Tutorial/Foliage/Foliage_Intro_Tutorial.uasset" 542
"../../../Engine/Content/Tutorial/Foliage/Foliage_Using_The_Tool_Tutorial.uasset" 543
"../../../Engine/Content/Tutorial/Foliage/Foliage_Settings_Tutorial.uasset" 544
"../../../Engine/Content/MobileResources/HUD/MobileHUDDirectionStick.uasset" 545
"../../../Engine/Content/MobileResources/HUD/MobileHUDDirectionPad2.uasset" 546
"../../../Engine/Content/MobileResources/HUD/MobileHUDButton1_off.uasset" 547
"../../../Engine/Content/MobileResources/HUD/AnalogHat.uasset" 548
"../../../Engine/Content/MobileResources/T_MobileControls_texture.uasset" 549
"../../../../../../Projekty/Unreal Engine/SuperPjotrekBros/Content/Maps/pustynia/level15Boss.umap" 550
"../../../../../../Projekty/Unreal Engine/SuperPjotrekBros/Content/Blueprints/KillZoneLevelBoss.uasset" 551
"../../../../../../Projekty/Unreal Engine/SuperPjotrekBros/Content/Blueprints/przycisk.uasset" 552
"../../../../../../Projekty/Unreal Engine/SuperPjotrekBros/Content/Sprites/Extras/guzik_Sprite.uasset" 553
"../../../../../../Projekty/Unreal Engine/SuperPjotrekBros/Content/Sprites/Extras/guzik.uasset" 554
"../../../../../../Projekty/Unreal Engine/SuperPjotrekBros/Content/Sprites/Extras/platforma_Sprite.uasset" 555
"../../../../../../Projekty/Unreal Engine/SuperPjotrekBros/Content/Sprites/Extras/platforma.uasset" 556
"../../../../../../Projekty/Unreal Engine/SuperPjotrekBros/Content/Sprites/Extras/platformaRuchoma_Sprite.uasset" 557
"../../../../../../Projekty/Unreal Engine/SuperPjotrekBros/Content/Sprites/Extras/platformaRuchoma.uasset" 558
"../../../../../../Projekty/Unreal Engine/SuperPjotrekBros/Content/Sprites/Extras/zapadnia_sprite.uasset" 559
"../../../../../../Projekty/Unreal Engine/SuperPjotrekBros/Content/Sprites/Extras/zapadnia.uasset" 560
"../../../../../../Projekty/Unreal Engine/SuperPjotrekBros/Content/TileMap/pustynia/Level5Boss.uasset" 561
"../../../../../../Projekty/Unreal Engine/SuperPjotrekBros/Content/TileMap/pustynia/SpriteSheet_TileSet.uasset" 562
"../../../../../../Projekty/Unreal Engine/SuperPjotrekBros/Content/Sprites/Enviroment/pustynia/SpriteSheet.uasset" 563
"../../../Engine/Content/EditorResources/EmptyActor.uasset" 564
"../../../../../../Projekty/Unreal Engine/SuperPjotrekBros/Content/Maps/pustynia/level14.umap" 565
"../../../../../../Projekty/Unreal Engine/SuperPjotrekBros/Content/Blueprints/armata.uasset" 566
"../../../../../../Projekty/Unreal Engine/SuperPjotrekBros/Content/Blueprints/pocisk.uasset" 567
"../../../../../../Projekty/Unreal Engine/SuperPjotrekBros/Content/Sprites/Extras/PogChamp_Flipbook.uasset" 568
"../../../../../../Projekty/Unreal Engine/SuperPjotrekBros/Content/Sprites/Extras/PogChamp_Sprite.uasset" 569
"../../../Engine/Plugins/2D/Paper2D/Content/TranslucentUnlitSpriteMaterial.uasset" 570
"../../../../../../Projekty/Unreal Engine/SuperPjotrekBros/Content/Sprites/Extras/PogChamp.uasset" 571
"../../../../../../Projekty/Unreal Engine/SuperPjotrekBros/Content/Sprites/Extras/armata_Sprite.uasset" 572
"../../../../../../Projekty/Unreal Engine/SuperPjotrekBros/Content/Sprites/Extras/armata.uasset" 573
"../../../../../../Projekty/Unreal Engine/SuperPjotrekBros/Content/Blueprints/kolceBoss.uasset" 574
"../../../../../../Projekty/Unreal Engine/SuperPjotrekBros/Content/Sprites/Extras/kolce_Sprite.uasset" 575
"../../../../../../Projekty/Unreal Engine/SuperPjotrekBros/Content/Sprites/Extras/kolce.uasset" 576
"../../../../../../Projekty/Unreal Engine/SuperPjotrekBros/Content/Blueprints/PfatformaKolce2lvl14.uasset" 577
"../../../../../../Projekty/Unreal Engine/SuperPjotrekBros/Content/Sprites/Extras/platformaKolce2_Sprite.uasset" 578
"../../../../../../Projekty/Unreal Engine/SuperPjotrekBros/Content/Sprites/Extras/platformaKolce2.uasset" 579
"../../../../../../Projekty/Unreal Engine/SuperPjotrekBros/Content/Blueprints/PlatformaKolcelvl14.uasset" 580
"../../../../../../Projekty/Unreal Engine/SuperPjotrekBros/Content/Sprites/Extras/PlatformaKolce_Sprite.uasset" 581
"../../../../../../Projekty/Unreal Engine/SuperPjotrekBros/Content/Sprites/Extras/PlatformaKolce.uasset" 582
"../../../Engine/Content/MapTemplates/Bokeh_5Sides.uasset" 583
"../../../Engine/Content/MapTemplates/T_ScreenDirt02_w.uasset" 584
"../../../../../../Projekty/Unreal Engine/SuperPjotrekBros/Content/Sprites/Enviroment/TileMap/pustynia/level4.uasset" 585
"../../../../../../Projekty/Unreal Engine/SuperPjotrekBros/Content/TileMap/pustynia/level4.uasset" 586
"../../../../../../Projekty/Unreal Engine/SuperPjotrekBros/Content/Sprites/Extras/Drzwi_Sprite.uasset" 587
"../../../../../../Projekty/Unreal Engine/SuperPjotrekBros/Content/Sprites/Extras/Drzwi.uasset" 588
"C:/Users/Spidior/AppData/Local/UnrealEngine/Common/DerivedDataCache/3/1/6/PHYSX_1D9C17C451EA4FB88CB7A27536A65DB0_PHYSXPC_AFF14762415CF71AB27C6ABADEF5B6AD__1_1_13123_0.udd" 589
"C:/Users/Spidior/AppData/Local/UnrealEngine/Common/DerivedDataCache/9/3/8/PHYSX_1D9C17C451EA4FB88CB7A27536A65DB0_PHYSXPC_7B649C4F4A585C893F66BDBC5C43E38E__1_0_13123_0.udd" 590
"C:/Users/Spidior/AppData/Local/UnrealEngine/Common/DerivedDataCache/7/4/0/PHYSX_1D9C17C451EA4FB88CB7A27536A65DB0_PHYSXPC_5780720F4EECB156CEF66C8F9BDEF752__1_1_13123_0.udd" 591
"C:/Users/Spidior/AppData/Local/UnrealEngine/Common/DerivedDataCache/9/2/0/PHYSX_1D9C17C451EA4FB88CB7A27536A65DB0_PHYSXPC_078C656C467200909A3F208305537CBE__1_1_13123_0.udd" 592
"../../../../../../Projekty/Unreal Engine/SuperPjotrekBros/Content/Maps/pustynia/level13.umap" 593
"../../../../../../Projekty/Unreal Engine/SuperPjotrekBros/Content/Blueprints/PfatformaKolce2.uasset" 594
"../../../../../../Projekty/Unreal Engine/SuperPjotrekBros/Content/Sprites/Enviroment/TileMap/pustynia/level3.uasset" 595
"../../../../../../Projekty/Unreal Engine/SuperPjotrekBros/Content/TileMap/pustynia/level3.uasset" 596
"../../../../../../Projekty/Unreal Engine/SuperPjotrekBros/Content/Maps/pustynia/level12.umap" 597
"../../../../../../Projekty/Unreal Engine/SuperPjotrekBros/Content/Blueprints/armatalevel12.uasset" 598
"../../../../../../Projekty/Unreal Engine/SuperPjotrekBros/Content/Blueprints/KillZoneLevel.uasset" 599
"../../../../../../Projekty/Unreal Engine/SuperPjotrekBros/Content/Blueprints/kolce.uasset" 600
"../../../../../../Projekty/Unreal Engine/SuperPjotrekBros/Content/Sprites/Enviroment/TileMap/pustynia/level2.uasset" 601
"../../../../../../Projekty/Unreal Engine/SuperPjotrekBros/Content/TileMap/pustynia/level2.uasset" 602
"../../../../../../Projekty/Unreal Engine/SuperPjotrekBros/Content/Maps/pustynia/level11.umap" 603
"../../../../../../Projekty/Unreal Engine/SuperPjotrekBros/Content/Sprites/Enviroment/TileMap/pustynia/level1.uasset" 604
"../../../../../../Projekty/Unreal Engine/SuperPjotrekBros/Content/TileMap/pustynia/level1.uasset" 605
"../../../../../../Projekty/Unreal Engine/SuperPjotrekBros/Content/Maps/piek?o/level6.umap" 606
"../../../../../../Projekty/Unreal Engine/SuperPjotrekBros/Content/Maps/piek?o/level16.umap" 607
"../../../../../../Projekty/Unreal Engine/SuperPjotrekBros/Content/TileMap/piek?o/level1.uasset" 608
"../../../../../../Projekty/Unreal Engine/SuperPjotrekBros/Content/TileMap/piek?o/SpriteSheet_TileSet.uasset" 609
"../../../../../../Projekty/Unreal Engine/SuperPjotrekBros/Content/Sprites/Enviroment/piek?o/SpriteSheet.uasset" 610
"C:/Users/Spidior/AppData/Local/UnrealEngine/Common/DerivedDataCache/7/7/5/PHYSX_1D9C17C451EA4FB88CB7A27536A65DB0_PHYSXPC_0E8A8A2A4B8D61C2BB2133B8660C5E23__1_1_13123_0.udd" 611
"../../../../../../Projekty/Unreal Engine/SuperPjotrekBros/Content/Maps/piek?o/level20Boss.umap" 612
"../../../Engine/Content/EditorResources/BadBlueprintSprite.uasset" 613
"../../../../../../Projekty/Unreal Engine/SuperPjotrekBros/Content/Sprites/Charakters/JanekSprite.uasset" 614
"../../../../../../Projekty/Unreal Engine/SuperPjotrekBros/Content/Sprites/Charakters/Janek.uasset" 615
"../../../../../../Projekty/Unreal Engine/SuperPjotrekBros/Content/TileMap/piek?o/level5Boss.uasset" 616
"C:/Users/Spidior/AppData/Local/UnrealEngine/Common/DerivedDataCache/6/3/0/PHYSX_1D9C17C451EA4FB88CB7A27536A65DB0_PHYSXPC_266EB7354570BC6FBBFA5EAF51ED4FA3__1_1_13123_0.udd" 617
"../../../../../../Projekty/Unreal Engine/SuperPjotrekBros/Content/Maps/piek?o/level18.umap" 618
"../../../../../../Projekty/Unreal Engine/SuperPjotrekBros/Content/Maps/piek?o/level17.umap" 619
"../../../../../../Projekty/Unreal Engine/SuperPjotrekBros/Content/Blueprints/AI.uasset" 620
"../../../../../../Projekty/Unreal Engine/SuperPjotrekBros/Content/Sprites/Extras/Kappa_Sprite.uasset" 621
"../../../../../../Projekty/Unreal Engine/SuperPjotrekBros/Content/Sprites/Extras/Kappa.uasset" 622
"../../../../../../Projekty/Unreal Engine/SuperPjotrekBros/Content/TileMap/piek?o/level2.uasset" 623
"C:/Users/Spidior/AppData/Local/UnrealEngine/Common/DerivedDataCache/8/2/2/PHYSX_1D9C17C451EA4FB88CB7A27536A65DB0_PHYSXPC_828DC603423BA70CC88409929D289D49__1_1_13123_0.udd" 624
"../../../../../../Projekty/Unreal Engine/SuperPjotrekBros/Content/Maps/piek?o/level1.umap" 625
"../../../../../../Projekty/Unreal Engine/SuperPjotrekBros/Content/Maps/miasto/level9.umap" 626
"../../../../../../Projekty/Unreal Engine/SuperPjotrekBros/Content/Blueprints/Platformalevel9.uasset" 627
"../../../../../../Projekty/Unreal Engine/SuperPjotrekBros/Content/Sprites/Enviroment/TileMap/miasto/level4.uasset" 628
"../../../../../../Projekty/Unreal Engine/SuperPjotrekBros/Content/TileMap/miasto/level4.uasset" 629
"../../../../../../Projekty/Unreal Engine/SuperPjotrekBros/Content/TileMap/miasto/SpriteSheet_TileSet.uasset" 630
"../../../../../../Projekty/Unreal Engine/SuperPjotrekBros/Content/Sprites/Enviroment/miasto/SpriteSheet.uasset" 631
"C:/Users/Spidior/AppData/Local/UnrealEngine/Common/DerivedDataCache/1/9/3/PHYSX_1D9C17C451EA4FB88CB7A27536A65DB0_PHYSXPC_8AAFFB0146FAEB268338DF88A0EC0E96__1_1_13123_0.udd" 632
"../../../../../../Projekty/Unreal Engine/SuperPjotrekBros/Content/Maps/miasto/level8.umap" 633
"../../../../../../Projekty/Unreal Engine/SuperPjotrekBros/Content/Blueprints/PlatformaKolce.uasset" 634
"../../../../../../Projekty/Unreal Engine/SuperPjotrekBros/Content/Sprites/Enviroment/TileMap/miasto/level3.uasset" 635
"../../../../../../Projekty/Unreal Engine/SuperPjotrekBros/Content/TileMap/miasto/level3.uasset" 636
"../../../../../../Projekty/Unreal Engine/SuperPjotrekBros/Content/Maps/miasto/level7.umap" 637
"../../../../../../Projekty/Unreal Engine/SuperPjotrekBros/Content/Sprites/Enviroment/TileMap/miasto/level2.uasset" 638
"../../../../../../Projekty/Unreal Engine/SuperPjotrekBros/Content/TileMap/miasto/level2.uasset" 639
"C:/Users/Spidior/AppData/Local/UnrealEngine/Common/DerivedDataCache/9/5/7/PHYSX_1D9C17C451EA4FB88CB7A27536A65DB0_PHYSXPC_53A09E364E607F572C30BCBA7EAF47B2__1_1_13123_0.udd" 640
"../../../../../../Projekty/Unreal Engine/SuperPjotrekBros/Content/Maps/miasto/level6.umap" 641
"../../../../../../Projekty/Unreal Engine/SuperPjotrekBros/Content/Sprites/Enviroment/TileMap/miasto/level1.uasset" 642
"../../../../../../Projekty/Unreal Engine/SuperPjotrekBros/Content/TileMap/miasto/level1.uasset" 643
"C:/Users/Spidior/AppData/Local/UnrealEngine/Common/DerivedDataCache/3/2/3/PHYSX_1D9C17C451EA4FB88CB7A27536A65DB0_PHYSXPC_4CCAA97D425A2FEE803BC2B571A58833__1_1_13123_0.udd" 644
"../../../../../../Projekty/Unreal Engine/SuperPjotrekBros/Content/Maps/miasto/level10Boss.umap" 645
"../../../../../../Projekty/Unreal Engine/SuperPjotrekBros/Content/Sprites/Enviroment/TileMap/miasto/level5Boss.uasset" 646
"../../../../../../Projekty/Unreal Engine/SuperPjotrekBros/Content/TileMap/miasto/level5Boss.uasset" 647
"../../../../../../Projekty/Unreal Engine/SuperPjotrekBros/Content/Maps/MainMenu/Options.umap" 648
"../../../../../../Projekty/Unreal Engine/SuperPjotrekBros/Content/Maps/las/levelBase.umap" 649
"../../../../../../Projekty/Unreal Engine/SuperPjotrekBros/Content/Sprites/Enviroment/TileMap/las/testMap.uasset" 650
"../../../../../../Projekty/Unreal Engine/SuperPjotrekBros/Content/TileMap/las/testMap.uasset" 651
"../../../../../../Projekty/Unreal Engine/SuperPjotrekBros/Content/TileMap/las/SpriteSheet_TileSet.uasset" 652
"../../../../../../Projekty/Unreal Engine/SuperPjotrekBros/Content/Sprites/Enviroment/las/SpriteSheet.uasset" 653
"../../../../../../Projekty/Unreal Engine/SuperPjotrekBros/Content/Maps/las/level5Boss.umap" 654
"../../../../../../Projekty/Unreal Engine/SuperPjotrekBros/Content/Blueprints/Boss5lvl.uasset" 655
"../../../../../../Projekty/Unreal Engine/SuperPjotrekBros/Content/Sprites/Charakters/MatiBSprite.uasset" 656
"../../../../../../Projekty/Unreal Engine/SuperPjotrekBros/Content/Sprites/Charakters/MatiB.uasset" 657
"../../../../../../Projekty/Unreal Engine/SuperPjotrekBros/Content/Sprites/Enviroment/TileMap/las/level1-5Boss.uasset" 658
"../../../../../../Projekty/Unreal Engine/SuperPjotrekBros/Content/TileMap/las/level1-5Boss.uasset" 659
"C:/Users/Spidior/AppData/Local/UnrealEngine/Common/DerivedDataCache/6/5/3/PHYSX_1D9C17C451EA4FB88CB7A27536A65DB0_PHYSXPC_39738E854AA8BC42FD15D1A2A7EC713A__1_1_13123_0.udd" 660
"../../../../../../Projekty/Unreal Engine/SuperPjotrekBros/Content/Maps/las/level4.umap" 661
"../../../../../../Projekty/Unreal Engine/SuperPjotrekBros/Content/Sprites/Enviroment/TileMap/las/level1-4.uasset" 662
"../../../../../../Projekty/Unreal Engine/SuperPjotrekBros/Content/TileMap/las/level1-4.uasset" 663
"C:/Users/Spidior/AppData/Local/UnrealEngine/Common/DerivedDataCache/7/4/8/PHYSX_1D9C17C451EA4FB88CB7A27536A65DB0_PHYSXPC_E13921F6496728CBEAA271821C01596B__1_1_13123_0.udd" 664
"../../../../../../Projekty/Unreal Engine/SuperPjotrekBros/Content/Maps/las/level3.umap" 665
"../../../../../../Projekty/Unreal Engine/SuperPjotrekBros/Content/Sprites/Enviroment/TileMap/las/level1-3.uasset" 666
"../../../../../../Projekty/Unreal Engine/SuperPjotrekBros/Content/TileMap/las/level1-3.uasset" 667
"../../../../../../Projekty/Unreal Engine/SuperPjotrekBros/Content/Sprites/Enviroment/las/SpriteSheet_TileSet.uasset" 668
"C:/Users/Spidior/AppData/Local/UnrealEngine/Common/DerivedDataCache/5/4/6/PHYSX_1D9C17C451EA4FB88CB7A27536A65DB0_PHYSXPC_6E6779EB495F63857B084C9BDAFC8C6A__1_1_13123_0.udd" 669
"../../../../../../Projekty/Unreal Engine/SuperPjotrekBros/Content/Maps/las/level2.umap" 670
"../../../../../../Projekty/Unreal Engine/SuperPjotrekBros/Content/Sprites/Enviroment/TileMap/las/Level1-2.uasset" 671
"../../../../../../Projekty/Unreal Engine/SuperPjotrekBros/Content/TileMap/las/Level1-2.uasset" 672
"C:/Users/Spidior/AppData/Local/UnrealEngine/Common/DerivedDataCache/9/3/8/PHYSX_1D9C17C451EA4FB88CB7A27536A65DB0_PHYSXPC_9F8628814EFA6EFCB3A9698357E1CF99__1_1_13123_0.udd" 673
"../../../../../../Projekty/Unreal Engine/SuperPjotrekBros/Content/Maps/las/level1.umap" 674
"../../../../../../Projekty/Unreal Engine/SuperPjotrekBros/Content/Backgrounds/Las/LasBackgroundTEST_Sprite.uasset" 675
"../../../../../../Projekty/Unreal Engine/SuperPjotrekBros/Content/Backgrounds/Las/LasBackgroundTEST.uasset" 676
"../../../../../../Projekty/Unreal Engine/SuperPjotrekBros/Content/TileMap/las/Level1-1.uasset" 677
"C:/Users/Spidior/AppData/Local/UnrealEngine/Common/DerivedDataCache/3/0/5/PHYSX_1D9C17C451EA4FB88CB7A27536A65DB0_PHYSXPC_963B60274C27BB8F4DD1CBACB0719526__1_1_13123_0.udd" 678
"../../../../../../Projekty/Unreal Engine/SuperPjotrekBros/Content/Maps/Cutscene/Cutscene.umap" 679
"../../../../../../Projekty/Unreal Engine/SuperPjotrekBros/Content/Backgrounds/Cutscene/DomPjotrka_Sprite.uasset" 680
"../../../../../../Projekty/Unreal Engine/SuperPjotrekBros/Content/Backgrounds/Cutscene/DomPjotrka.uasset" 681
"../../../../../../Projekty/Unreal Engine/SuperPjotrekBros/Content/Backgrounds/Cutscene/Drzwi_Sprite.uasset" 682
"../../../../../../Projekty/Unreal Engine/SuperPjotrekBros/Content/Backgrounds/Cutscene/Drzwi.uasset" 683
"../../../../../../Projekty/Unreal Engine/SuperPjotrekBros/Content/Sounds/KillBill.uasset" 684
"../../../../../../Projekty/Unreal Engine/SuperPjotrekBros/Content/Sprites/Charakters/Karol_Sprite.uasset" 685
"../../../../../../Projekty/Unreal Engine/SuperPjotrekBros/Content/Sprites/Charakters/Karol.uasset" 686
"../../../../../../Projekty/Unreal Engine/SuperPjotrekBros/Content/Sprites/Charakters/MatiPSprite.uasset" 687
"../../../../../../Projekty/Unreal Engine/SuperPjotrekBros/Content/Sprites/Charakters/MatiP.uasset" 688
"../../../../../../Projekty/Unreal Engine/SuperPjotrekBros/Content/Sprites/Charakters/SebaSprite.uasset" 689
"../../../../../../Projekty/Unreal Engine/SuperPjotrekBros/Content/Sprites/Charakters/Seba.uasset" 690
"../../../../../../Projekty/Unreal Engine/SuperPjotrekBros/Content/Sprites/Dymki/Chyba_bede_musial_ich_uratowac_Sprite.uasset" 691
"../../../../../../Projekty/Unreal Engine/SuperPjotrekBros/Content/Sprites/Dymki/Chyba_bede_musial_ich_uratowac.uasset" 692
"../../../../../../Projekty/Unreal Engine/SuperPjotrekBros/Content/Sprites/Dymki/Ja_ju?_musze_i??_Sprite.uasset" 693
"../../../../../../Projekty/Unreal Engine/SuperPjotrekBros/Content/Sprites/Dymki/Ja_ju?_musze_i??.uasset" 694
"../../../../../../Projekty/Unreal Engine/SuperPjotrekBros/Content/Sprites/Dymki/Ju?_poszed?_Sprite.uasset" 695
"../../../../../../Projekty/Unreal Engine/SuperPjotrekBros/Content/Sprites/Dymki/Ju?_poszed?.uasset" 696
"../../../../../../Projekty/Unreal Engine/SuperPjotrekBros/Content/Sprites/Dymki/Narazie__do_us?yszenia_na_Skypie_Sprite.uasset" 697
"../../../../../../Projekty/Unreal Engine/SuperPjotrekBros/Content/Sprites/Dymki/Narazie__do_us?yszenia_na_Skypie.uasset" 698
"../../../../../../Projekty/Unreal Engine/SuperPjotrekBros/Content/Sprites/Dymki/Narazie_Sprite.uasset" 699
"../../../../../../Projekty/Unreal Engine/SuperPjotrekBros/Content/Sprites/Dymki/Narazie.uasset" 700
"../../../../../../Projekty/Unreal Engine/SuperPjotrekBros/Content/Sprites/Dymki/No_siema_Sprite.uasset" 701
"../../../../../../Projekty/Unreal Engine/SuperPjotrekBros/Content/Sprites/Dymki/No_siema.uasset" 702
"../../../../../../Projekty/Unreal Engine/SuperPjotrekBros/Content/Sprites/Dymki/O_nie__Janek_wszystkich_porwa?_Sprite.uasset" 703
"../../../../../../Projekty/Unreal Engine/SuperPjotrekBros/Content/Sprites/Dymki/O_nie__Janek_wszystkich_porwa?.uasset" 704
"../../../../../../Projekty/Unreal Engine/SuperPjotrekBros/Content/Sprites/Dymki/Pa_geju_Sprite.uasset" 705
"../../../../../../Projekty/Unreal Engine/SuperPjotrekBros/Content/Sprites/Dymki/Pa_geju.uasset" 706
"../../../../../../Projekty/Unreal Engine/SuperPjotrekBros/Content/Sprites/Dymki/Siema_ziomeczku_Sprite.uasset" 707
"../../../../../../Projekty/Unreal Engine/SuperPjotrekBros/Content/Sprites/Dymki/Siema_ziomeczku.uasset" 708
"../../../../../../Projekty/Unreal Engine/SuperPjotrekBros/Content/Sprites/Extras/CzerwonyFiltr_Sprite.uasset" 709
"../../../../../../Projekty/Unreal Engine/SuperPjotrekBros/Content/Sprites/Extras/CzerwonyFiltr.uasset" 710
"../../../../../../Projekty/Unreal Engine/SuperPjotrekBros/Content/Sprites/Extras/DomPjotrkaTlo_Sprite.uasset" 711
"../../../../../../Projekty/Unreal Engine/SuperPjotrekBros/Content/Sprites/Extras/DomPjotrkaTlo.uasset" 712
"C:/Users/Spidior/AppData/Local/UnrealEngine/Common/DerivedDataCache/7/2/9/AUDIO_0002_0000_OGG_0001_0D6DD9FB4B4BC07DC1A3FC977865BBCB.udd" 713
"../../../Engine/Content/EditorResources/AudioIcons/S_AudioComponent.uasset" 714
"C:/Users/Spidior/AppData/Local/UnrealEngine/Common/DerivedDataCache/4/8/3/TEXTURE_814DCC3DC72143F49509781513CB9855_BGRA8_A257E29240AC189C2A593CACD3F5ADB__7744CFDA33CFD6C6AA811C7D7DA324FC4365DA6F.udd" 715
"C:/Users/Spidior/AppData/Local/UnrealEngine/Common/DerivedDataCache/2/1/5/TEXTURE_814DCC3DC72143F49509781513CB9855_BGRA8_24B2866549DB9DC998CE27A96F7913E__E74BCD52FA4F7A2E9923A1B327F4459E406A38DE.udd" 716
"C:/Users/Spidior/AppData/Local/UnrealEngine/Common/DerivedDataCache/7/4/6/TEXTURE_814DCC3DC72143F49509781513CB9855_BGRA8_9BB7CEBD4695C90B94022BBB1A7850A__CCF6ACF0515BC1B06DEAAE11DEBC204771427478.udd" 717
"C:/Users/Spidior/AppData/Local/UnrealEngine/Common/DerivedDataCache/9/7/6/TEXTURE_814DCC3DC72143F49509781513CB9855_BGRA8_11E3EA6E4E98437F35EF6F97A1B594B__9BFF95D3F6B61F1849FF057A5CED585FCEB6C1AA.udd" 718
"../../../../../../Projekty/Unreal Engine/SuperPjotrekBros/Content/Sprites/Charakters/Pjotrek_Sprite.uasset" 719
"../../../../../../Projekty/Unreal Engine/SuperPjotrekBros/Content/Sprites/Charakters/PjotrekFlipbook.uasset" 720
"C:/Users/Spidior/AppData/Local/UnrealEngine/Common/DerivedDataCache/6/1/7/TEXTURE_814DCC3DC72143F49509781513CB9855_AUTODXT_F19ADBB8491BCA477FA9FDB73AF7C__8BCECAF8E93124E56FED7014FA1EDB2450364402.udd" 721
"C:/Users/Spidior/AppData/Local/UnrealEngine/Common/DerivedDataCache/5/5/9/TEXTURE_814DCC3DC72143F49509781513CB9855_AUTODXT_F19ADBB8491BCA477FA9FDB73AF7C__986C9F9943A39274FD3BE2EE157D5BF15995AB87.udd" 722
"C:/Users/Spidior/AppData/Local/UnrealEngine/Common/DerivedDataCache/7/3/0/TEXTURE_814DCC3DC72143F49509781513CB9855_AUTODXT_F19ADBB8491BCA477FA9FDB73AF7C__2C2B27247906DFA75DC279A9507BFA7268C499D7.udd" 723
"../../../../../../Projekty/Unreal Engine/SuperPjotrekBros/Content/Sprites/Charakters/Janek_Sprite.uasset" 724
"C:/Users/Spidior/AppData/Local/UnrealEngine/Common/DerivedDataCache/4/3/9/TEXTURE_814DCC3DC72143F49509781513CB9855_AUTODXT_131186E54052E61191C2C1B56DE5D__FF4CA290A16578798AA5AF645C0128A07EA32181.udd" 725
"C:/Users/Spidior/AppData/Local/UnrealEngine/Common/DerivedDataCache/7/4/1/TEXTURE_814DCC3DC72143F49509781513CB9855_AUTODXT_131186E54052E61191C2C1B56DE5D__0681DE7E5477698DC7129C3933C6AA61C388C075.udd" 726
"C:/Users/Spidior/AppData/Local/UnrealEngine/Common/DerivedDataCache/6/2/9/TEXTURE_814DCC3DC72143F49509781513CB9855_AUTODXT_131186E54052E61191C2C1B56DE5D__E4929D30748CB152BDF8576DC7E531ACA403CA6C.udd" 727
"../../../../../../Projekty/Unreal Engine/SuperPjotrekBros/Content/Player/PjotrekCharakterTEST.uasset" 728
"../../../../../../Projekty/Unreal Engine/SuperPjotrekBros/Content/Player/PjotrekCharakter.uasset" 729
"../../../../../../Projekty/Unreal Engine/SuperPjotrekBros/Content/Movies/UE4_Logo.uasset" 730
"../../../../../../Projekty/Unreal Engine/SuperPjotrekBros/Content/Movies/DreamGamesIntro.uasset" 731
"../../../../../../Projekty/Unreal Engine/SuperPjotrekBros/Content/Maps/MainMenu/Pause.uasset" 732
"../../../../../../Projekty/Unreal Engine/SuperPjotrekBros/Content/GameSettings/CutsceneGameMode.uasset" 733
"../../../../../../Projekty/Unreal Engine/SuperPjotrekBros/Content/Flipbooks/pocisk_prototyp.uasset" 734
"../../../../../../Projekty/Unreal Engine/SuperPjotrekBros/Content/Sprites/Enviroment/las/SpriteSheet_Sprite_0.uasset" 735
"../../../../../../Projekty/Unreal Engine/SuperPjotrekBros/Content/Flipbooks/pocisknaszybkoFB.uasset" 736
"../../../../../../Projekty/Unreal Engine/SuperPjotrekBros/Content/Sprites/Extras/pocisknaszybko_Sprite.uasset" 737
"../../../../../../Projekty/Unreal Engine/SuperPjotrekBros/Content/Sprites/Extras/pocisknaszybko.uasset" 738
"../../../../../../Projekty/Unreal Engine/SuperPjotrekBros/Content/Flipbooks/KappaFlipbook.uasset" 739
"../../../../../../Projekty/Unreal Engine/SuperPjotrekBros/Content/Flipbooks/JanekSprite_Flipbook.uasset" 740
"../../../../../../Projekty/Unreal Engine/SuperPjotrekBros/Content/Blueprints/TEST.uasset" 741
"../../../../../../Projekty/Unreal Engine/SuperPjotrekBros/Content/Blueprints/Pfatforma.uasset" 742
"../../../../../../Projekty/Unreal Engine/SuperPjotrekBros/Content/Blueprints/NewBlueprint.uasset" 743
"../../../../../../Projekty/Unreal Engine/SuperPjotrekBros/Content/Blueprints/KappaSpawner.uasset" 744
"../../../../../../Projekty/Unreal Engine/SuperPjotrekBros/Content/Blueprints/armatalvl11.uasset" 745
"../../../../../../Projekty/Unreal Engine/SuperPjotrekBros/Content/Backgrounds/Pustynia/PustyniaBackground.uasset" 746
"C:/Users/Spidior/AppData/Local/UnrealEngine/Common/DerivedDataCache/5/8/8/TEXTURE_814DCC3DC72143F49509781513CB9855_AUTODXT_71BEB07C4F822E3F20D6E8A7C564A__EA4356F08B51FCB52201DEF45CD3FAE7E7FDF250.udd" 747
"../../../../../../Projekty/Unreal Engine/SuperPjotrekBros/Content/2DSideScroller/Sprites/RunFrames/RunCycle_12.uasset" 748
"../../../../../../Projekty/Unreal Engine/SuperPjotrekBros/Content/2dSideScroller/Textures/2DCharacter_RunAnimAtlas.uasset" 749
"../../../../../../Projekty/Unreal Engine/SuperPjotrekBros/Content/2DSideScroller/Sprites/RunFrames/RunCycle_11.uasset" 750
"../../../../../../Projekty/Unreal Engine/SuperPjotrekBros/Content/2DSideScroller/Sprites/RunFrames/RunCycle_10.uasset" 751
"../../../../../../Projekty/Unreal Engine/SuperPjotrekBros/Content/2DSideScroller/Sprites/RunFrames/RunCycle_1.uasset" 752
"../../../../../../Projekty/Unreal Engine/SuperPjotrekBros/Content/2DSideScroller/Sprites/IdleFrames/IdleCycle8.uasset" 753
"../../../../../../Projekty/Unreal Engine/SuperPjotrekBros/Content/2dSideScroller/Textures/2DCharacter_IdleAnimAtlas.uasset" 754
"../../../../../../Projekty/Unreal Engine/SuperPjotrekBros/Content/2DSideScroller/Sprites/IdleFrames/IdleCycle7.uasset" 755
"../../../../../../Projekty/Unreal Engine/SuperPjotrekBros/Content/2DSideScroller/Sprites/IdleFrames/IdleCycle6.uasset" 756
"../../../../../../Projekty/Unreal Engine/SuperPjotrekBros/Content/2DSideScroller/Sprites/IdleFrames/IdleCycle5.uasset" 757
"../../../../../../Projekty/Unreal Engine/SuperPjotrekBros/Content/2DSideScroller/Sprites/IdleFrames/IdleCycle4.uasset" 758
"../../../../../../Projekty/Unreal Engine/SuperPjotrekBros/Content/2DSideScroller/Sprites/IdleFrames/IdleCycle3.uasset" 759
"../../../../../../Projekty/Unreal Engine/SuperPjotrekBros/Content/2DSideScroller/Sprites/IdleFrames/IdleCycle2.uasset" 760
"../../../../../../Projekty/Unreal Engine/SuperPjotrekBros/Content/2DSideScroller/Sprites/IdleFrames/IdleCycle1.uasset" 761
"../../../../../../Projekty/Unreal Engine/SuperPjotrekBros/Content/2DSideScroller/Sprites/RunningAnimation.uasset" 762
"../../../../../../Projekty/Unreal Engine/SuperPjotrekBros/Content/2dSideScroller/Sprites/RunFrames/RunCycle_13.uasset" 763
"../../../../../../Projekty/Unreal Engine/SuperPjotrekBros/Content/2dSideScroller/Sprites/RunFrames/RunCycle_14.uasset" 764
"../../../../../../Projekty/Unreal Engine/SuperPjotrekBros/Content/2dSideScroller/Sprites/RunFrames/RunCycle_15.uasset" 765
"../../../../../../Projekty/Unreal Engine/SuperPjotrekBros/Content/2dSideScroller/Sprites/RunFrames/RunCycle_16.uasset" 766
"../../../../../../Projekty/Unreal Engine/SuperPjotrekBros/Content/2dSideScroller/Sprites/RunFrames/RunCycle_2.uasset" 767
"../../../../../../Projekty/Unreal Engine/SuperPjotrekBros/Content/2dSideScroller/Sprites/RunFrames/RunCycle_3.uasset" 768
"../../../../../../Projekty/Unreal Engine/SuperPjotrekBros/Content/2dSideScroller/Sprites/RunFrames/RunCycle_4.uasset" 769
"../../../../../../Projekty/Unreal Engine/SuperPjotrekBros/Content/2dSideScroller/Sprites/RunFrames/RunCycle_5.uasset" 770
"../../../../../../Projekty/Unreal Engine/SuperPjotrekBros/Content/2dSideScroller/Sprites/RunFrames/RunCycle_6.uasset" 771
"../../../../../../Projekty/Unreal Engine/SuperPjotrekBros/Content/2dSideScroller/Sprites/RunFrames/RunCycle_7.uasset" 772
"../../../../../../Projekty/Unreal Engine/SuperPjotrekBros/Content/2dSideScroller/Sprites/RunFrames/RunCycle_8.uasset" 773
"../../../../../../Projekty/Unreal Engine/SuperPjotrekBros/Content/2dSideScroller/Sprites/RunFrames/RunCycle_9.uasset" 774
"../../../../../../Projekty/Unreal Engine/SuperPjotrekBros/Content/2DSideScroller/Sprites/PrototypingSprite.uasset" 775
"../../../../../../Projekty/Unreal Engine/SuperPjotrekBros/Content/2dSideScroller/Materials/PrototypingSpriteMaterial.uasset" 776
"../../../../../../Projekty/Unreal Engine/SuperPjotrekBros/Content/2dSideScroller/Textures/2DBackgroundTile.uasset" 777
"C:/Users/Spidior/AppData/Local/UnrealEngine/Common/DerivedDataCache/1/4/5/MATSM_984AFA3849534FAA8491540B994BD32E_PCD3D_SM5_3__BC5N_DEV_SL_NODBUF5676B9A9__184B9EC4CADC168B1DBBF977C2B43BF112FCA14A.udd" 778
"C:/Users/Spidior/AppData/Local/UnrealEngine/Common/DerivedDataCache/3/9/5/MATSM_984AFA3849534FAA8491540B994BD32E_PCD3D_SM4_3__BC5N_DEV_SL_NODBUF5676B9A9__5600AE2A56CA63B01A25A943D9404A38A65A274B.udd" 779
"../../../../../../Projekty/Unreal Engine/SuperPjotrekBros/Content/2DSideScroller/Sprites/Ledge.uasset" 780
"../../../../../../Projekty/Unreal Engine/SuperPjotrekBros/Content/2dSideScroller/Textures/2DBackgroundBlockAtlas.uasset" 781
"../../../../../../Projekty/Unreal Engine/SuperPjotrekBros/Content/2DSideScroller/Sprites/IdleAnimation.uasset" 782
"../../../../../../Projekty/Unreal Engine/SuperPjotrekBros/Content/2DSideScroller/Sprites/Background_Sprite.uasset" 783
"../../../../../../Projekty/Unreal Engine/SuperPjotrekBros/Content/2dSideScroller/Textures/2DBackground.uasset" 784
"../../../Engine/Content/MobileResources/HUD/MobileHUDButton3.uasset" 785
"../../../Engine/Content/MobileResources/HUD/MobileHUDButton1_on.uasset" 786
"../../../Engine/Content/MobileResources/T_MobileMenu2.uasset" 787
"../../../../../../Projekty/Unreal Engine/SuperPjotrekBros/Content/Sprites/Extras/pocisknaszybkoFB.uasset" 788
"C:/Users/Spidior/AppData/Local/UnrealEngine/Common/DerivedDataCache/3/7/5/TEXTURE_814DCC3DC72143F49509781513CB9855_BGRA8_E46ECAC548DA54CC85A50BA815D11E1__ACB6F42861899A8125A331AB193ED8E9ACE72D3D.udd" 789
"C:/Users/Spidior/AppData/Local/UnrealEngine/Common/DerivedDataCache/7/0/3/TEXTURE_814DCC3DC72143F49509781513CB9855_BGRA8_0DCDE1F44078F13386E71EBA25A475A__FAA823E23885413F7FBBDFBBA5BC87413CF90D3E.udd" 790
"C:/Users/Spidior/AppData/Local/UnrealEngine/Common/DerivedDataCache/2/4/4/TEXTURE_814DCC3DC72143F49509781513CB9855_BGRA8_08B5B492473479836D5C85BC5A5A5CC__70249FAC91A88A3EBC82BDFF9E5CE157A10929D6.udd" 791
"C:/Users/Spidior/AppData/Local/UnrealEngine/Common/DerivedDataCache/5/0/4/TEXTURE_814DCC3DC72143F49509781513CB9855_BGRA8_D8A9B2BA4A8EAE0F7883E1B285AF1D6__92163AB3BA0672230516CEDCF7DE8074182AF262.udd" 792
"C:/Users/Spidior/AppData/Local/UnrealEngine/Common/DerivedDataCache/5/4/3/TEXTURE_814DCC3DC72143F49509781513CB9855_BGRA8_6269063A41069ED67F6FC2BAB747BA6__47ACF380A7B425DEBA7C4134279FD4B311B021C5.udd" 793
"C:/Users/Spidior/AppData/Local/UnrealEngine/Common/DerivedDataCache/0/3/4/TEXTURE_814DCC3DC72143F49509781513CB9855_BGRA8_C6E40C614DB678928CB301A36DD2E60__4AC0F54E5952DD08334C368BDC482B4F66B73DAB.udd" 794
"C:/Users/Spidior/AppData/Local/UnrealEngine/Common/DerivedDataCache/1/8/8/TEXTURE_814DCC3DC72143F49509781513CB9855_BGRA8_C6E40C614DB678928CB301A36DD2E60__08E14F793F4E8D9D28DFFA92E5AA4F83142A98E6.udd" 795
"C:/Users/Spidior/AppData/Local/UnrealEngine/Common/DerivedDataCache/7/0/3/TEXTURE_814DCC3DC72143F49509781513CB9855_BGRA8_C6E40C614DB678928CB301A36DD2E60__8D55C0AFA5ACD2E42BD679A280EA4EC64A96B4B7.udd" 796
"C:/Users/Spidior/AppData/Local/UnrealEngine/Common/DerivedDataCache/6/4/8/TEXTURE_814DCC3DC72143F49509781513CB9855_BGRA8_5B2FFDDE40713CCC1543F7B050383D8__41041D11DB2DDB5752698D37DF518B8D8345E49C.udd" 797
"../../../Engine/Content/MobileResources/HUD/DefaultVirtualJoysticks.uasset" 798
"../../../Engine/Content/Maps/Entry.umap" 799
"../../../../../../Projekty/Unreal Engine/SuperPjotrekBros/Content/Maps/MainMenu/MainMenu.umap" 800
"C:/Users/Spidior/AppData/Local/UnrealEngine/Common/DerivedDataCache/8/4/3/TEXTURE_814DCC3DC72143F49509781513CB9855_BGRA8_2EB1BB7848EEECFC82A637B1695565D__51F392F2CEA6DF823A0EE59B3676537558461C2D.udd" 801
"C:/Users/Spidior/AppData/Local/UnrealEngine/Common/DerivedDataCache/5/3/8/TEXTURE_814DCC3DC72143F49509781513CB9855_BGRA8_B3BF14CA427DFF07B741958A0CDE632__B4938483237F6F5723C160879ED475B770B885D4.udd" 802
"C:/Users/Spidior/AppData/Local/UnrealEngine/Common/DerivedDataCache/8/4/0/TEXTURE_814DCC3DC72143F49509781513CB9855_BGRA8_E1BC95BF43FBA14ED00CFEB5A51E1B3__C10C6D95BBAF946F3B9B8AF53A19BE6CE1B69DD3.udd" 803
"../../../../../../Projekty/Unreal Engine/SuperPjotrekBros/Content/Sprites/Enviroment/TileMap/piek?o/level1.uasset" 804
"../../../../../../Projekty/Unreal Engine/SuperPjotrekBros/Content/Sprites/Enviroment/TileMap/las/Level1-1.uasset" 805
"../../../../../../Projekty/Unreal Engine/SuperPjotrekBros/Content/Sprites/Enviroment/pustynia/SpriteSheet_TileSet.uasset" 806
"../../../../../../Projekty/Unreal Engine/SuperPjotrekBros/Content/Sprites/Enviroment/pustynia/SpriteSheet_Sprite_2.uasset" 807
"../../../../../../Projekty/Unreal Engine/SuperPjotrekBros/Content/Sprites/Enviroment/pustynia/SpriteSheet_Sprite_1.uasset" 808
"../../../../../../Projekty/Unreal Engine/SuperPjotrekBros/Content/Sprites/Enviroment/pustynia/SpriteSheet_Sprite_0.uasset" 809
"C:/Users/Spidior/AppData/Local/UnrealEngine/Common/DerivedDataCache/2/7/3/TEXTURE_814DCC3DC72143F49509781513CB9855_BGRA8_16742A9E436CB9543994B59A055E156__04A0C3C3B3948DDDFFA4D1E3B6CB0124E487F5F0.udd" 810
"C:/Users/Spidior/AppData/Local/UnrealEngine/Common/DerivedDataCache/8/2/1/TEXTURE_814DCC3DC72143F49509781513CB9855_BGRA8_16742A9E436CB9543994B59A055E156__26688ACC75894A838D876CD9827AD34DE8A502F6.udd" 811
"C:/Users/Spidior/AppData/Local/UnrealEngine/Common/DerivedDataCache/9/2/6/TEXTURE_814DCC3DC72143F49509781513CB9855_BGRA8_16742A9E436CB9543994B59A055E156__2FCAF8400495DDA8C7A38C5A5E636627030A81BC.udd" 812
"../../../../../../Projekty/Unreal Engine/SuperPjotrekBros/Content/Sprites/Enviroment/miasto/SpriteSheet_Sprite_0.uasset" 813
"C:/Users/Spidior/AppData/Local/UnrealEngine/Common/DerivedDataCache/7/7/8/TEXTURE_814DCC3DC72143F49509781513CB9855_BGRA8_7BC1637E4C3CEFF2F124AF829B17E1D__2498F98844CE0746BC014C3BBC2035019E8A3ACC.udd" 814
"C:/Users/Spidior/AppData/Local/UnrealEngine/Common/DerivedDataCache/2/6/6/TEXTURE_814DCC3DC72143F49509781513CB9855_BGRA8_7BC1637E4C3CEFF2F124AF829B17E1D__90E40B690073913DEBD26DD21BC31C8E7FF79E74.udd" 815
"C:/Users/Spidior/AppData/Local/UnrealEngine/Common/DerivedDataCache/6/1/2/TEXTURE_814DCC3DC72143F49509781513CB9855_BGRA8_7BC1637E4C3CEFF2F124AF829B17E1D__06E93F6C81C51AE613C1E9249DC5DBB9170C15C0.udd" 816
"../../../../../../Projekty/Unreal Engine/SuperPjotrekBros/Content/Sprites/Enviroment/las/pocisk_prototyp.uasset" 817
"C:/Users/Spidior/AppData/Local/UnrealEngine/Common/DerivedDataCache/5/2/8/TEXTURE_814DCC3DC72143F49509781513CB9855_BGRA8_6294B63E4090D90FDA73998CFF4EC7D__8A94F9B8C2C3FD4CA07EA3B8B627714B70E0C681.udd" 818
"C:/Users/Spidior/AppData/Local/UnrealEngine/Common/DerivedDataCache/2/3/7/TEXTURE_814DCC3DC72143F49509781513CB9855_BGRA8_9FF01F4F48C21C6376640FBCD481F48__55AE446AED7EE3D88AE3D992C1E403FAB6E7EACA.udd" 819
"C:/Users/Spidior/AppData/Local/UnrealEngine/Common/DerivedDataCache/7/2/4/TEXTURE_814DCC3DC72143F49509781513CB9855_BGRA8_E7A99B5A4FECFD208A509498A4F0E3C__EB8569CF624580F0CF585D77D8DC5450427397B3.udd" 820
"C:/Users/Spidior/AppData/Local/UnrealEngine/Common/DerivedDataCache/4/3/1/TEXTURE_814DCC3DC72143F49509781513CB9855_BGRA8_9F9DEDF44764C5894799CCA522EA381__E2A67453921852D79BB064520AB28D429BEF1C07.udd" 821
"C:/Users/Spidior/AppData/Local/UnrealEngine/Common/DerivedDataCache/6/9/3/TEXTURE_814DCC3DC72143F49509781513CB9855_AUTODXT_689F8762416BCB37B07718AC57C18__394F660FBA9D851D185245B683D34E901955F586.udd" 822
"C:/Users/Spidior/AppData/Local/UnrealEngine/Common/DerivedDataCache/7/4/5/TEXTURE_814DCC3DC72143F49509781513CB9855_AUTODXT_689F8762416BCB37B07718AC57C18__1C60899375929CC2C63DB59FC7BBF15D7E5ACC48.udd" 823
"C:/Users/Spidior/AppData/Local/UnrealEngine/Common/DerivedDataCache/9/3/5/TEXTURE_814DCC3DC72143F49509781513CB9855_AUTODXT_689F8762416BCB37B07718AC57C18__642CDA33ECDE6384E183D8FA4A7BCE28DDD1AE16.udd" 824
"C:/Users/Spidior/AppData/Local/UnrealEngine/Common/DerivedDataCache/7/0/7/TEXTURE_814DCC3DC72143F49509781513CB9855_AUTODXT_53653B844F4C09B5427926899951B__F80C9D55ACEF53818B1769634FABCF160BA77FD4.udd" 825
"C:/Users/Spidior/AppData/Local/UnrealEngine/Common/DerivedDataCache/6/1/0/TEXTURE_814DCC3DC72143F49509781513CB9855_AUTODXT_53653B844F4C09B5427926899951B__66506C35683FEEDE750EC497D569334F762DA097.udd" 826
"C:/Users/Spidior/AppData/Local/UnrealEngine/Common/DerivedDataCache/6/1/6/TEXTURE_814DCC3DC72143F49509781513CB9855_AUTODXT_53653B844F4C09B5427926899951B__2DFBE2322F445EEEEE89997A279922C3A1CC428D.udd" 827
"C:/Users/Spidior/AppData/Local/UnrealEngine/Common/DerivedDataCache/3/2/7/TEXTURE_814DCC3DC72143F49509781513CB9855_BGRA8_13BBA1FF42392F5628E6A28238D5345__9ED4118AEE3AFED0F2FF89C2F6D6808A1C19B0B6.udd" 828
"../../../Engine/Content/MobileResources/HUD/T_Castle_ThumbstickOutter.uasset" 829
"../../../Engine/Content/MobileResources/HUD/MobileHUDDirectionPad.uasset" 830
"../../../Engine/Content/MobileResources/HUD/MobileHUDButton2_off.uasset" 831
"../../../../../../Projekty/Unreal Engine/SuperPjotrekBros/Content/Sprites/Extras/KappaFlipbook.uasset" 832
"../../../../../../Projekty/Unreal Engine/SuperPjotrekBros/Content/Sprites/Enviroment/piek?o/SpriteSheet_TileSet.uasset" 833
"../../../../../../Projekty/Unreal Engine/SuperPjotrekBros/Content/Sprites/Enviroment/piek?o/SpriteSheet_Sprite_2.uasset" 834
"../../../../../../Projekty/Unreal Engine/SuperPjotrekBros/Content/Sprites/Enviroment/piek?o/SpriteSheet_Sprite_1.uasset" 835
"../../../../../../Projekty/Unreal Engine/SuperPjotrekBros/Content/Sprites/Enviroment/piek?o/SpriteSheet_Sprite_0.uasset" 836
"C:/Users/Spidior/AppData/Local/UnrealEngine/Common/DerivedDataCache/6/5/5/TEXTURE_814DCC3DC72143F49509781513CB9855_BGRA8_4CB0022440FF6F4DA362DE856ACCFB7__D9DECD6913D20BD9516CC44E35757E91A0E87A27.udd" 837
"C:/Users/Spidior/AppData/Local/UnrealEngine/Common/DerivedDataCache/4/1/1/TEXTURE_814DCC3DC72143F49509781513CB9855_BGRA8_4CB0022440FF6F4DA362DE856ACCFB7__F7C08904705F4CFD95C7C785ECA1DE3C737EE3A8.udd" 838
"C:/Users/Spidior/AppData/Local/UnrealEngine/Common/DerivedDataCache/3/1/6/TEXTURE_814DCC3DC72143F49509781513CB9855_BGRA8_4CB0022440FF6F4DA362DE856ACCFB7__3AC036944CAE566E97B64F397558B13F494E0E06.udd" 839
"../../../../../../Projekty/Unreal Engine/SuperPjotrekBros/Content/Sprites/Enviroment/las/SpriteSheet_Sprite_3.uasset" 840
"../../../../../../Projekty/Unreal Engine/SuperPjotrekBros/Content/Sprites/Enviroment/las/SpriteSheet_Sprite_2.uasset" 841
"../../../../../../Projekty/Unreal Engine/SuperPjotrekBros/Content/Sprites/Enviroment/las/SpriteSheet_Sprite_1.uasset" 842
"C:/Users/Spidior/AppData/Local/UnrealEngine/Common/DerivedDataCache/8/1/7/TEXTURE_814DCC3DC72143F49509781513CB9855_BGRA8_58A4ADCA4D6C23F49BF05B933DB3B5E__546B477A001D379987F4CCF465D400EE218A5C63.udd" 843
"C:/Users/Spidior/AppData/Local/UnrealEngine/Common/DerivedDataCache/9/2/3/TEXTURE_814DCC3DC72143F49509781513CB9855_BGRA8_58A4ADCA4D6C23F49BF05B933DB3B5E__AFB9B11C9C2093BE6F489413C0824379357E3673.udd" 844
"C:/Users/Spidior/AppData/Local/UnrealEngine/Common/DerivedDataCache/8/7/1/TEXTURE_814DCC3DC72143F49509781513CB9855_BGRA8_58A4ADCA4D6C23F49BF05B933DB3B5E__7D750F79A3C00DA80BE13B1F7C38E80482349ECF.udd" 845
"C:/Users/Spidior/AppData/Local/UnrealEngine/Common/DerivedDataCache/3/9/5/TEXTURE_814DCC3DC72143F49509781513CB9855_BGRA8_01E14DFB4EA76D3F4766B488D8A3F87__BDAFC3FA596C5FC1B22931ED2EDB06FEAADFF85F.udd" 846
"../../../../../../Projekty/Unreal Engine/SuperPjotrekBros/Content/Sprites/Charakters/Seba_Sprite.uasset" 847
"C:/Users/Spidior/AppData/Local/UnrealEngine/Common/DerivedDataCache/0/6/8/TEXTURE_814DCC3DC72143F49509781513CB9855_AUTODXT_F18114A94151FF918118EFBB3A0D5__9B9DF8A04B856E05EF1E9AC97CB75A92E87DD66D.udd" 848
"C:/Users/Spidior/AppData/Local/UnrealEngine/Common/DerivedDataCache/4/4/4/TEXTURE_814DCC3DC72143F49509781513CB9855_AUTODXT_F18114A94151FF918118EFBB3A0D5__8FAE14C3589284C38FDFFFC657F16F2AE970D268.udd" 849
"C:/Users/Spidior/AppData/Local/UnrealEngine/Common/DerivedDataCache/0/6/0/TEXTURE_814DCC3DC72143F49509781513CB9855_AUTODXT_F18114A94151FF918118EFBB3A0D5__77A03918946FB8AAA3A59C2255BC33CF2429F719.udd" 850
"../../../../../../Projekty/Unreal Engine/SuperPjotrekBros/Content/Backgrounds/Miasto/MiastoBackground.uasset" 851
"C:/Users/Spidior/AppData/Local/UnrealEngine/Common/DerivedDataCache/2/3/1/TEXTURE_814DCC3DC72143F49509781513CB9855_AUTODXT_C9716020445D6A967A75D6B3623CC__E6847F45F93235621C4C2C60504A360EA0B71B2A.udd" 852
"../../../../../../Projekty/Unreal Engine/SuperPjotrekBros/Content/Sprites/Enviroment/las/SpriteSheet_Sprite_5.uasset" 853
"../../../../../../Projekty/Unreal Engine/SuperPjotrekBros/Content/Sprites/Enviroment/las/SpriteSheet_Sprite_4.uasset" 854
"C:/Users/Spidior/AppData/Local/UnrealEngine/Common/DerivedDataCache/8/6/7/TEXTURE_814DCC3DC72143F49509781513CB9855_BGRA8_909B22E44F7042BBEEBD1EAA876CC4C__C4F43832A92B1D604088D1247D1D622351D2AE6D.udd" 855
"C:/Users/Spidior/AppData/Local/UnrealEngine/Common/DerivedDataCache/7/4/6/TEXTURE_814DCC3DC72143F49509781513CB9855_BGRA8_981CC49F42C0AF50CC19C8AB2559B77__93D371F171D4D50B5869A226A8F2206AB4D5C2D5.udd" 856
"C:/Users/Spidior/AppData/Local/UnrealEngine/Common/DerivedDataCache/0/4/5/TEXTURE_814DCC3DC72143F49509781513CB9855_BGRA8_4C8F37DF4E6C251136DD409114FBAB1__A6B072F5DCD8F7E5B330D26129F0A1C79AE005E9.udd" 857
"C:/Users/Spidior/AppData/Local/UnrealEngine/Common/DerivedDataCache/3/7/2/TEXTURE_814DCC3DC72143F49509781513CB9855_BGRA8_8ADA39D4430085C5E0E11C8EEE7341E__8C4D3EBA0E12551EAAB4670DE49455B213F64E49.udd" 858
"C:/Users/Spidior/AppData/Local/UnrealEngine/Common/DerivedDataCache/8/8/6/TEXTURE_814DCC3DC72143F49509781513CB9855_BGRA8_8ADA39D4430085C5E0E11C8EEE7341E__4CC237F9BA9C9DD85D0E7CA5249137FEC447A077.udd" 859
"C:/Users/Spidior/AppData/Local/UnrealEngine/Common/DerivedDataCache/4/8/9/TEXTURE_814DCC3DC72143F49509781513CB9855_BGRA8_8ADA39D4430085C5E0E11C8EEE7341E__D42C421EAE5C48062CD48C0923FE7BB8A603C0A8.udd" 860
"../../../../../../Projekty/Unreal Engine/SuperPjotrekBros/Content/Sprites/Enviroment/miasto/SpriteSheet_TileSet.uasset" 861
"../../../../../../Projekty/Unreal Engine/SuperPjotrekBros/Content/Sprites/Enviroment/miasto/SpriteSheet_Sprite_3.uasset" 862
"../../../../../../Projekty/Unreal Engine/SuperPjotrekBros/Content/Sprites/Enviroment/miasto/SpriteSheet_Sprite_2.uasset" 863
"../../../../../../Projekty/Unreal Engine/SuperPjotrekBros/Content/Sprites/Enviroment/miasto/SpriteSheet_Sprite_1.uasset" 864
"../../../../../../Projekty/Unreal Engine/SuperPjotrekBros/Content/Sprites/Enviroment/las/SpriteSheet_Sprite_8.uasset" 865
"../../../../../../Projekty/Unreal Engine/SuperPjotrekBros/Content/Sprites/Enviroment/las/SpriteSheet_Sprite_7.uasset" 866
"../../../../../../Projekty/Unreal Engine/SuperPjotrekBros/Content/Sprites/Enviroment/las/SpriteSheet_Sprite_6.uasset" 867
"C:/Users/Spidior/AppData/Local/UnrealEngine/Common/DerivedDataCache/8/0/9/TEXTURE_814DCC3DC72143F49509781513CB9855_BGRA8_D99DBD0C43E468EB06B79DA89111B63__73CBCC16A78C098586E21F8908C34ED97BA3E343.udd" 868
"../../../../../../Projekty/Unreal Engine/SuperPjotrekBros/Content/Sprites/Charakters/MatiP_Sprite.uasset" 869
"../../../../../../Projekty/Unreal Engine/SuperPjotrekBros/Content/Sprites/Charakters/MatiB_Sprite.uasset" 870
"C:/Users/Spidior/AppData/Local/UnrealEngine/Common/DerivedDataCache/3/1/2/TEXTURE_814DCC3DC72143F49509781513CB9855_BGRA8_C990E666495360829C75C7B7BAF5CDC__00FD0D9170CD0DA8C24ED8C1405D48F9EA1534DA.udd" 871
"../../../../../../Projekty/Unreal Engine/SuperPjotrekBros/Content/2DSideScrollerBP/Blueprints/nextLevel.uasset" 872
"../../../../../../Projekty/Unreal Engine/SuperPjotrekBros/Content/2DSideScrollerBP/Blueprints/2DSideScrollerGameMode.uasset" 873
"../../../../../../Projekty/Unreal Engine/SuperPjotrekBros/Content/2DSideScrollerBP/Blueprints/2DSideScrollerCharacter.uasset" 874
"../../../../../../Projekty/Unreal Engine/SuperPjotrekBros/Content/2DSideScrollerBP/2DSideScrollerOverview.uasset" 875
"../../../Engine/Content/MobileResources/HUD/T_Castle_ThumbstickInner.uasset" 876
"../../../Engine/Content/MobileResources/HUD/MobileHUDButtonFire.uasset" 877
"../../../../../../Projekty/Unreal Engine/SuperPjotrekBros/Content/Backgrounds/Las/LasBackground.uasset" 878
"C:/Users/Spidior/AppData/Local/UnrealEngine/Common/DerivedDataCache/8/5/9/TEXTURE_814DCC3DC72143F49509781513CB9855_AUTODXT_C990E666495360829C75C7B7BAF5C__D976D6C26AAFC937C5A1D990381AA780560F8420.udd" 879
"C:/Users/Spidior/AppData/Local/UnrealEngine/Common/DerivedDataCache/1/9/7/TEXTURE_814DCC3DC72143F49509781513CB9855_AUTODXT_D1E814BA40821C40AD8995ADAEF38__F6CEEFF353BA9D3DC00A0FD4AFCC7F996E7AA804.udd" 880
"C:/Users/Spidior/AppData/Local/UnrealEngine/Common/DerivedDataCache/6/9/6/TEXTURE_814DCC3DC72143F49509781513CB9855_AUTODXT_D1E814BA40821C40AD8995ADAEF38__C83796E3C45183B5819DA3E4E26EA607CFBA43A0.udd" 881
"C:/Users/Spidior/AppData/Local/UnrealEngine/Common/DerivedDataCache/7/6/0/TEXTURE_814DCC3DC72143F49509781513CB9855_AUTODXT_D1E814BA40821C40AD8995ADAEF38__980B21D1565B895812A2E534F397AD7CA25DEEFC.udd" 882
"../../../Engine/Content/MobileResources/HUD/MobileHUDDirectionPad3.uasset" 883
"../../../../../../Projekty/Unreal Engine/SuperPjotrekBros/Content/2DSideScrollerBP/Sprites/Enviroment/level3.uasset" 884
"../../../Engine/Content/MobileResources/HUD/MobileHUDButton2_on.uasset" 885
"../../../../../../Projekty/Unreal Engine/SuperPjotrekBros/Content/2DSideScrollerBP/Sprites/Extras/platformaRuchoma.uasset" 886
"C:/Users/Spidior/AppData/Local/UnrealEngine/Common/DerivedDataCache/7/1/8/TEXTURE_814DCC3DC72143F49509781513CB9855_BGRA8_5F5ED2824AF1F07786862D88ABFD5E5__299D4EA017DC45EBEB602AA500DA5D91853C6DD2.udd" 887
"..\..\..\Engine\Content\Internationalization\icudt53l\windowsZones.res" 888
"..\..\..\Engine\Content\Internationalization\icudt53l\zoneinfo64.res" 889
"..\..\..\Engine\Content\Internationalization\icudt53l\keyTypeData.res" 890
"..\..\..\Engine\Content\Internationalization\icudt53l\timezoneTypes.res" 891
"..\..\..\Engine\Content\Internationalization\icudt53l\likelySubtags.res" 892
"..\..\..\Engine\Content\Internationalization\icudt53l\supplementalData.res" 893
